<?xml version="1.0" encoding="UTF-8"?>
<robot generator="Robot 7.4.2 (Python 3.11.9 on win32)" generated="2026-05-26T10:00:19.461909" rpa="false" schemaversion="5">
<suite id="s1" name="Interactive Grid" source="D:\USERS\iotkurz1\Documents\apex_app\apex-test-flow\tests\interactive_grid.robot">
<test id="s1-t1" name="Uživatel ověří sloupce v Interactive Gridu &quot;Seznam zaměstnanců s emailem&quot;" line="8">
<kw name="Otevři prohlížeč a aplikaci" owner="spolecne" type="SETUP">
<kw name="New Browser" owner="Browser">
<msg time="2026-05-26T10:00:19.787251" level="INFO">{"browser": "firefox", "headless": true, "chromiumSandbox": false, "devtools": false, "handleSIGHUP": true, "handleSIGINT": true, "handleSIGTERM": true, "slowMo": 0.0, "timeout": 30000.0, "tracesDir": "D:\\USERS\\iotkurz1\\Documents\\apex_app\\browser\\traces\\temp\\28af2a43-640b-485f-b9d6-d8405b87c0d4"}</msg>
<msg time="2026-05-26T10:00:19.822927" level="INFO">Starting Browser process C:\Program Files\Python311\Lib\site-packages\Browser\wrapper\index.js using at 127.0.0.1:52331</msg>
<msg time="2026-05-26T10:00:21.369512" level="INFO">Successfully created browser with options: {"browser":"firefox","headless":true,"chromiumSandbox":false,"devtools":false,"handleSIGHUP":true,"handleSIGINT":true,"handleSIGTERM":true,"slowMo":0,"timeout":30000,"tracesDir":"D:\\USERS\\iotkurz1\\Documents\\apex_app\\browser\\traces\\temp\\28af2a43-640b-485f-b9d6-d8405b87c0d4"}</msg>
<arg>browser=${PROHLIZEC}</arg>
<arg>headless=${HEADLESS}</arg>
<tag>BrowserControl</tag>
<tag>Setter</tag>
<doc>Create a new playwright Browser with specified options.</doc>
<status status="PASS" start="2026-05-26T10:00:19.787251" elapsed="1.582261"/>
</kw>
<kw name="New Context" owner="Browser">
<msg time="2026-05-26T10:00:21.369512" level="INFO">{
  "acceptDownloads": true,
  "bypassCSP": false,
  "forcedColors": "none",
  "ignoreHTTPSErrors": false,
  "javaScriptEnabled": true,
  "offline": false,
  "reducedMotion": "no-preference",
  "serviceWorkers": "allow",
  "viewport": {
    "width": 1920,
    "height": 1080
  }
}</msg>
<msg time="2026-05-26T10:00:21.466806" level="INFO">Successfully created context. </msg>
<msg time="2026-05-26T10:00:21.466806" level="INFO">{'acceptDownloads': True, 'bypassCSP': False, 'forcedColors': 'none', 'ignoreHTTPSErrors': False, 'javaScriptEnabled': True, 'offline': False, 'reducedMotion': 'no-preference', 'serviceWorkers': 'allow', 'viewport': {'width': 1920, 'height': 1080}}</msg>
<arg>viewport={'width': 1920, 'height': 1080}</arg>
<tag>BrowserControl</tag>
<tag>Setter</tag>
<doc>Create a new BrowserContext with specified options.</doc>
<status status="PASS" start="2026-05-26T10:00:21.369512" elapsed="0.097294"/>
</kw>
<kw name="New Page" owner="Browser">
<msg time="2026-05-26T10:00:22.500201" level="INFO">Successfully initialized new page object and opened url: https://apex-test.civ.zcu.cz/ords/f?p=100000:1</msg>
<arg>url=${URL_APLIKACE}</arg>
<tag>BrowserControl</tag>
<tag>Setter</tag>
<doc>Open a new Page.</doc>
<status status="PASS" start="2026-05-26T10:00:21.466806" elapsed="1.033395"/>
</kw>
<status status="PASS" start="2026-05-26T10:00:19.787251" elapsed="2.712950"/>
</kw>
<kw name="Když se přihlásím jako &quot;admin&quot;" owner="prihlaseni_klicova_slova" source_name="Když se přihlásím jako &quot;${role}&quot;">
<kw name="se přihlásím jako &quot;${role}&quot;" owner="prihlaseni_klicova_slova" source_name="se přihlásím jako &quot;${role}&quot;">
<kw name="Set Variable" owner="BuiltIn">
<msg time="2026-05-26T10:00:22.505076" level="INFO">${uzivatel} = {'jmeno': 'datprx', 'heslo': 'datprx_012026'}</msg>
<var>${uzivatel}</var>
<arg>${UZIVATELE['${role}']}</arg>
<doc>Returns the given values which can then be assigned to a variables.</doc>
<status status="PASS" start="2026-05-26T10:00:22.503215" elapsed="0.001861"/>
</kw>
<kw name="Fill Text" owner="Browser">
<msg time="2026-05-26T10:00:22.507084" level="INFO">Fills the text 'datprx' in the given field.</msg>
<arg>id=username</arg>
<arg>${uzivatel['jmeno']}</arg>
<tag>PageContent</tag>
<tag>Setter</tag>
<doc>Clears and fills the given ``txt`` into the text field found by ``selector``.</doc>
<status status="PASS" start="2026-05-26T10:00:22.505076" elapsed="0.096320"/>
</kw>
<kw name="Fill Text" owner="Browser">
<msg time="2026-05-26T10:00:22.601396" level="INFO">Fills the text 'datprx_012026' in the given field.</msg>
<arg>id=password</arg>
<arg>${uzivatel['heslo']}</arg>
<tag>PageContent</tag>
<tag>Setter</tag>
<doc>Clears and fills the given ``txt`` into the text field found by ``selector``.</doc>
<status status="PASS" start="2026-05-26T10:00:22.601396" elapsed="0.015088"/>
</kw>
<kw name="Click" owner="Browser">
<msg time="2026-05-26T10:00:22.616484" level="INFO">Clicks the element '[name="_eventId_proceed"]'.</msg>
<arg>[name="_eventId_proceed"]</arg>
<tag>PageContent</tag>
<tag>Setter</tag>
<doc>Simulates mouse click on the element found by ``selector``.</doc>
<status status="PASS" start="2026-05-26T10:00:22.616484" elapsed="0.543026"/>
</kw>
<status status="PASS" start="2026-05-26T10:00:22.501208" elapsed="0.663262"/>
</kw>
<kw name="vidím, že jsem přihlášen" owner="prihlaseni_klicova_slova">
<kw name="Wait For Elements State" owner="Browser">
<msg time="2026-05-26T10:00:23.250811" level="INFO">Waited for Element with selector id=t_PageBody at state visible</msg>
<arg>id=t_PageBody</arg>
<arg>visible</arg>
<arg>timeout=5s</arg>
<tag>PageContent</tag>
<tag>Wait</tag>
<doc>Waits for the element found by ``selector`` to satisfy state option.</doc>
<status status="PASS" start="2026-05-26T10:00:23.164470" elapsed="0.086341"/>
</kw>
<status status="PASS" start="2026-05-26T10:00:23.164470" elapsed="0.086341"/>
</kw>
<status status="PASS" start="2026-05-26T10:00:22.500201" elapsed="0.750610"/>
</kw>
<kw name="Když otevřu stránku &quot;Seznam zaměstnanců s emailem&quot;" owner="spolecne" source_name="Když otevřu stránku &quot;${nazev_stranky}&quot;">
<kw name="Set Variable" owner="BuiltIn">
<msg time="2026-05-26T10:00:23.252818" level="INFO">${card} = css=.t-MediaList-title &gt;&gt; text="Seznam zaměstnanců s emailem"</msg>
<var>${card}</var>
<arg>css=.t-MediaList-title &gt;&gt; text="${nazev_stranky}"</arg>
<doc>Returns the given values which can then be assigned to a variables.</doc>
<status status="PASS" start="2026-05-26T10:00:23.251811" elapsed="0.001007"/>
</kw>
<kw name="Get Element Count" owner="Browser">
<msg time="2026-05-26T10:00:23.261819" level="INFO">${card_count} = 1</msg>
<var>${card_count}</var>
<arg>${card}</arg>
<tag>Assertion</tag>
<tag>Getter</tag>
<tag>PageContent</tag>
<doc>Returns the count of elements found with ``selector``.</doc>
<status status="PASS" start="2026-05-26T10:00:23.252818" elapsed="0.009001"/>
</kw>
<if>
<branch type="IF" condition="${card_count} &gt; 0">
<kw name="Click" owner="Browser">
<msg time="2026-05-26T10:00:23.262852" level="INFO">Clicks the element 'css=.t-MediaList-title &gt;&gt; text="Seznam zaměstnanců s emailem"'.</msg>
<arg>${card}</arg>
<tag>PageContent</tag>
<tag>Setter</tag>
<doc>Simulates mouse click on the element found by ``selector``.</doc>
<status status="PASS" start="2026-05-26T10:00:23.261819" elapsed="0.231946"/>
</kw>
<status status="PASS" start="2026-05-26T10:00:23.261819" elapsed="0.231946"/>
</branch>
<branch type="ELSE IF" condition="&quot;${nazev_stranky}&quot; == &quot;Domů&quot; or &quot;${nazev_stranky}&quot; == &quot;Home&quot; or &quot;${nazev_stranky}&quot; == &quot;Rozcestník&quot;">
<kw name="Go To" owner="Browser">
<arg>${URL_APLIKACE}</arg>
<tag>BrowserControl</tag>
<tag>Setter</tag>
<doc>Navigates to the given ``url``.</doc>
<status status="NOT RUN" start="2026-05-26T10:00:23.493765" elapsed="0.000000"/>
</kw>
<status status="NOT RUN" start="2026-05-26T10:00:23.493765" elapsed="0.000000"/>
</branch>
<branch type="ELSE">
<kw name="Když kliknu na položku v menu &quot;${nazev_stranky}&quot;" owner="spolecne" source_name="Když kliknu na položku v menu &quot;${nazev_polozky}&quot;">
<status status="NOT RUN" start="2026-05-26T10:00:23.494764" elapsed="0.000000"/>
</kw>
<status status="NOT RUN" start="2026-05-26T10:00:23.493765" elapsed="0.000999"/>
</branch>
<status status="PASS" start="2026-05-26T10:00:23.261819" elapsed="0.232945"/>
</if>
<status status="PASS" start="2026-05-26T10:00:23.251811" elapsed="0.242953"/>
</kw>
<kw name="Pak vidím interactive grid &quot;Seznam zaměstnanců s emailem&quot;" owner="grid_klicova_slova" source_name="Pak vidím interactive grid &quot;${nazev_gridu}&quot;">
<kw name="Wait For Elements State" owner="Browser">
<msg time="2026-05-26T10:00:23.568973" level="INFO">Waited for Element with selector text="Seznam zaměstnanců s emailem" &gt;&gt; nth=0 at state attached</msg>
<arg>text="${nazev_gridu}" &gt;&gt; nth=0</arg>
<arg>attached</arg>
<arg>timeout=15s</arg>
<tag>PageContent</tag>
<tag>Wait</tag>
<doc>Waits for the element found by ``selector`` to satisfy state option.</doc>
<status status="PASS" start="2026-05-26T10:00:23.495764" elapsed="0.073209"/>
</kw>
<kw name="Wait For Elements State" owner="Browser">
<msg time="2026-05-26T10:00:23.636387" level="INFO">Waited for Element with selector css=.a-GV, .a-IRR-container, .t-Report, table &gt;&gt; nth=0 at state visible</msg>
<arg>css=.a-GV, .a-IRR-container, .t-Report, table &gt;&gt; nth=0</arg>
<arg>visible</arg>
<arg>timeout=15s</arg>
<tag>PageContent</tag>
<tag>Wait</tag>
<doc>Waits for the element found by ``selector`` to satisfy state option.</doc>
<status status="PASS" start="2026-05-26T10:00:23.569977" elapsed="0.066915"/>
</kw>
<status status="PASS" start="2026-05-26T10:00:23.494764" elapsed="0.142128"/>
</kw>
<kw name="A zároveň grid &quot;Seznam zaměstnanců s emailem&quot; obsahuje sloupce" owner="grid_klicova_slova" source_name="A zároveň grid &quot;${nazev_gridu}&quot; obsahuje sloupce">
<for flavor="IN">
<iter>
<kw name="Wait For Elements State" owner="Browser">
<msg time="2026-05-26T10:00:23.669481" level="INFO">Waited for Element with selector text="Osobní číslo" &gt;&gt; nth=0 at state attached</msg>
<arg>text="${sloupec}" &gt;&gt; nth=0</arg>
<arg>attached</arg>
<arg>timeout=5s</arg>
<tag>PageContent</tag>
<tag>Wait</tag>
<doc>Waits for the element found by ``selector`` to satisfy state option.</doc>
<status status="PASS" start="2026-05-26T10:00:23.637898" elapsed="0.031583"/>
</kw>
<var name="${sloupec}">Osobní číslo</var>
<status status="PASS" start="2026-05-26T10:00:23.637898" elapsed="0.031583"/>
</iter>
<iter>
<kw name="Wait For Elements State" owner="Browser">
<msg time="2026-05-26T10:00:23.698131" level="INFO">Waited for Element with selector text="Jméno" &gt;&gt; nth=0 at state attached</msg>
<arg>text="${sloupec}" &gt;&gt; nth=0</arg>
<arg>attached</arg>
<arg>timeout=5s</arg>
<tag>PageContent</tag>
<tag>Wait</tag>
<doc>Waits for the element found by ``selector`` to satisfy state option.</doc>
<status status="PASS" start="2026-05-26T10:00:23.669481" elapsed="0.028650"/>
</kw>
<var name="${sloupec}">Jméno</var>
<status status="PASS" start="2026-05-26T10:00:23.669481" elapsed="0.028650"/>
</iter>
<iter>
<kw name="Wait For Elements State" owner="Browser">
<msg time="2026-05-26T10:00:23.733900" level="INFO">Waited for Element with selector text="Příjmení" &gt;&gt; nth=0 at state attached</msg>
<arg>text="${sloupec}" &gt;&gt; nth=0</arg>
<arg>attached</arg>
<arg>timeout=5s</arg>
<tag>PageContent</tag>
<tag>Wait</tag>
<doc>Waits for the element found by ``selector`` to satisfy state option.</doc>
<status status="PASS" start="2026-05-26T10:00:23.698131" elapsed="0.036775"/>
</kw>
<var name="${sloupec}">Příjmení</var>
<status status="PASS" start="2026-05-26T10:00:23.698131" elapsed="0.036775"/>
</iter>
<iter>
<kw name="Wait For Elements State" owner="Browser">
<msg time="2026-05-26T10:00:23.826352" level="INFO">Waited for Element with selector text="Titul před" &gt;&gt; nth=0 at state attached</msg>
<arg>text="${sloupec}" &gt;&gt; nth=0</arg>
<arg>attached</arg>
<arg>timeout=5s</arg>
<tag>PageContent</tag>
<tag>Wait</tag>
<doc>Waits for the element found by ``selector`` to satisfy state option.</doc>
<status status="PASS" start="2026-05-26T10:00:23.734906" elapsed="0.092446"/>
</kw>
<var name="${sloupec}">Titul před</var>
<status status="PASS" start="2026-05-26T10:00:23.734906" elapsed="0.092446"/>
</iter>
<iter>
<kw name="Wait For Elements State" owner="Browser">
<msg time="2026-05-26T10:00:23.865488" level="INFO">Waited for Element with selector text="Titul za" &gt;&gt; nth=0 at state attached</msg>
<arg>text="${sloupec}" &gt;&gt; nth=0</arg>
<arg>attached</arg>
<arg>timeout=5s</arg>
<tag>PageContent</tag>
<tag>Wait</tag>
<doc>Waits for the element found by ``selector`` to satisfy state option.</doc>
<status status="PASS" start="2026-05-26T10:00:23.827352" elapsed="0.039138"/>
</kw>
<var name="${sloupec}">Titul za</var>
<status status="PASS" start="2026-05-26T10:00:23.827352" elapsed="0.039138"/>
</iter>
<iter>
<kw name="Wait For Elements State" owner="Browser">
<msg time="2026-05-26T10:00:28.984083" level="INFO" html="true">&lt;/td&gt;&lt;/tr&gt;&lt;tr&gt;&lt;td colspan="3"&gt;&lt;a href="browser/screenshot/fail-screenshot-1.png" target="_blank"&gt;&lt;img src="browser/screenshot/fail-screenshot-1.png" width="800px"/&gt;&lt;/a&gt;</msg>
<msg time="2026-05-26T10:00:28.984083" level="INFO">See also file:///D:/USERS/iotkurz1/Documents/apex_app/playwright-log.txt for additional details.</msg>
<msg time="2026-05-26T10:00:28.984083" level="FAIL">TimeoutError: locator.waitFor: Timeout 5000ms exceeded.
Call log:
  - waiting for locator('text="Rodné číslo"').first()
</msg>
<arg>text="${sloupec}" &gt;&gt; nth=0</arg>
<arg>attached</arg>
<arg>timeout=5s</arg>
<tag>PageContent</tag>
<tag>Wait</tag>
<doc>Waits for the element found by ``selector`` to satisfy state option.</doc>
<status status="FAIL" start="2026-05-26T10:00:23.866490" elapsed="5.117593">TimeoutError: locator.waitFor: Timeout 5000ms exceeded.
Call log:
  - waiting for locator('text="Rodné číslo"').first()
</status>
</kw>
<var name="${sloupec}">Rodné číslo</var>
<status status="FAIL" start="2026-05-26T10:00:23.866490" elapsed="5.117593">TimeoutError: locator.waitFor: Timeout 5000ms exceeded.
Call log:
  - waiting for locator('text="Rodné číslo"').first()
</status>
</iter>
<var>${sloupec}</var>
<value>@{ocekavane_sloupce}</value>
<status status="FAIL" start="2026-05-26T10:00:23.636892" elapsed="5.347191">TimeoutError: locator.waitFor: Timeout 5000ms exceeded.
Call log:
  - waiting for locator('text="Rodné číslo"').first()
</status>
</for>
<arg>Osobní číslo</arg>
<arg>Jméno</arg>
<arg>Příjmení</arg>
<arg>Titul před</arg>
<arg>Titul za</arg>
<arg>Rodné číslo</arg>
<arg>Státní příslušnost</arg>
<arg>Místo narození</arg>
<arg>Stát narození</arg>
<arg>Rodné příjmení</arg>
<arg>Pracovní e-mail</arg>
<arg>Nastup</arg>
<arg>Pojistny Pomer Od</arg>
<arg>Konec doby určité</arg>
<arg>Adr Ulice</arg>
<arg>Adr Cislo</arg>
<arg>Adr Obec</arg>
<arg>Adr Psc</arg>
<status status="FAIL" start="2026-05-26T10:00:23.636892" elapsed="5.347191">TimeoutError: locator.waitFor: Timeout 5000ms exceeded.
Call log:
  - waiting for locator('text="Rodné číslo"').first()
</status>
</kw>
<msg time="2026-05-26T10:00:28.996374" level="INFO">Switching context to context=dddf11b3-9f34-4215-920a-42b1bfdef192 in CURRENT</msg>
<msg time="2026-05-26T10:00:29.003708" level="INFO">Successfully changed active context: context=dddf11b3-9f34-4215-920a-42b1bfdef192</msg>
<msg time="2026-05-26T10:00:29.013690" level="INFO">Successfully closed Context</msg>
<status status="FAIL" start="2026-05-26T10:00:19.780817" elapsed="9.203266">TimeoutError: locator.waitFor: Timeout 5000ms exceeded.
Call log:
  - waiting for locator('text="Rodné číslo"').first()
</status>
</test>
<test id="s1-t2" name="Uživatel ověří navigaci a sloupce v aplikaci" line="32">
<kw name="Otevři prohlížeč a aplikaci" owner="spolecne" type="SETUP">
<kw name="New Browser" owner="Browser">
<msg time="2026-05-26T10:00:29.013690" level="INFO">Switching browser to browser=049488a1-92e2-4cc6-9c02-11d5ff4fe662</msg>
<msg time="2026-05-26T10:00:29.027804" level="INFO">Successfully changed active browser: browser=049488a1-92e2-4cc6-9c02-11d5ff4fe662</msg>
<msg time="2026-05-26T10:00:29.027804" level="INFO">Reusing existing browser with id: browser=049488a1-92e2-4cc6-9c02-11d5ff4fe662</msg>
<arg>browser=${PROHLIZEC}</arg>
<arg>headless=${HEADLESS}</arg>
<tag>BrowserControl</tag>
<tag>Setter</tag>
<doc>Create a new playwright Browser with specified options.</doc>
<status status="PASS" start="2026-05-26T10:00:29.013690" elapsed="0.014114"/>
</kw>
<kw name="New Context" owner="Browser">
<msg time="2026-05-26T10:00:29.029814" level="INFO">{
  "acceptDownloads": true,
  "bypassCSP": false,
  "forcedColors": "none",
  "ignoreHTTPSErrors": false,
  "javaScriptEnabled": true,
  "offline": false,
  "reducedMotion": "no-preference",
  "serviceWorkers": "allow",
  "viewport": {
    "width": 1920,
    "height": 1080
  }
}</msg>
<msg time="2026-05-26T10:00:29.043677" level="INFO">Successfully created context. </msg>
<msg time="2026-05-26T10:00:29.043677" level="INFO">{'acceptDownloads': True, 'bypassCSP': False, 'forcedColors': 'none', 'ignoreHTTPSErrors': False, 'javaScriptEnabled': True, 'offline': False, 'reducedMotion': 'no-preference', 'serviceWorkers': 'allow', 'viewport': {'width': 1920, 'height': 1080}}</msg>
<arg>viewport={'width': 1920, 'height': 1080}</arg>
<tag>BrowserControl</tag>
<tag>Setter</tag>
<doc>Create a new BrowserContext with specified options.</doc>
<status status="PASS" start="2026-05-26T10:00:29.027804" elapsed="0.015873"/>
</kw>
<kw name="New Page" owner="Browser">
<msg time="2026-05-26T10:00:29.500927" level="INFO">Successfully initialized new page object and opened url: https://apex-test.civ.zcu.cz/ords/f?p=100000:1</msg>
<arg>url=${URL_APLIKACE}</arg>
<tag>BrowserControl</tag>
<tag>Setter</tag>
<doc>Open a new Page.</doc>
<status status="PASS" start="2026-05-26T10:00:29.043677" elapsed="0.457250"/>
</kw>
<status status="PASS" start="2026-05-26T10:00:29.013690" elapsed="0.487237"/>
</kw>
<kw name="Když se přihlásím jako &quot;admin&quot;" owner="prihlaseni_klicova_slova" source_name="Když se přihlásím jako &quot;${role}&quot;">
<kw name="se přihlásím jako &quot;${role}&quot;" owner="prihlaseni_klicova_slova" source_name="se přihlásím jako &quot;${role}&quot;">
<kw name="Set Variable" owner="BuiltIn">
<msg time="2026-05-26T10:00:29.502927" level="INFO">${uzivatel} = {'jmeno': 'datprx', 'heslo': 'datprx_012026'}</msg>
<var>${uzivatel}</var>
<arg>${UZIVATELE['${role}']}</arg>
<doc>Returns the given values which can then be assigned to a variables.</doc>
<status status="PASS" start="2026-05-26T10:00:29.502927" elapsed="0.000000"/>
</kw>
<kw name="Fill Text" owner="Browser">
<msg time="2026-05-26T10:00:29.504925" level="INFO">Fills the text 'datprx' in the given field.</msg>
<arg>id=username</arg>
<arg>${uzivatel['jmeno']}</arg>
<tag>PageContent</tag>
<tag>Setter</tag>
<doc>Clears and fills the given ``txt`` into the text field found by ``selector``.</doc>
<status status="PASS" start="2026-05-26T10:00:29.503926" elapsed="0.036031"/>
</kw>
<kw name="Fill Text" owner="Browser">
<msg time="2026-05-26T10:00:29.544439" level="INFO">Fills the text 'datprx_012026' in the given field.</msg>
<arg>id=password</arg>
<arg>${uzivatel['heslo']}</arg>
<tag>PageContent</tag>
<tag>Setter</tag>
<doc>Clears and fills the given ``txt`` into the text field found by ``selector``.</doc>
<status status="PASS" start="2026-05-26T10:00:29.544439" elapsed="0.008408"/>
</kw>
<kw name="Click" owner="Browser">
<msg time="2026-05-26T10:00:29.556911" level="INFO">Clicks the element '[name="_eventId_proceed"]'.</msg>
<arg>[name="_eventId_proceed"]</arg>
<tag>PageContent</tag>
<tag>Setter</tag>
<doc>Simulates mouse click on the element found by ``selector``.</doc>
<status status="PASS" start="2026-05-26T10:00:29.556911" elapsed="0.408297"/>
</kw>
<status status="PASS" start="2026-05-26T10:00:29.501926" elapsed="0.463282"/>
</kw>
<kw name="vidím, že jsem přihlášen" owner="prihlaseni_klicova_slova">
<kw name="Wait For Elements State" owner="Browser">
<msg time="2026-05-26T10:00:30.038898" level="INFO">Waited for Element with selector id=t_PageBody at state visible</msg>
<arg>id=t_PageBody</arg>
<arg>visible</arg>
<arg>timeout=5s</arg>
<tag>PageContent</tag>
<tag>Wait</tag>
<doc>Waits for the element found by ``selector`` to satisfy state option.</doc>
<status status="PASS" start="2026-05-26T10:00:29.965208" elapsed="0.073690"/>
</kw>
<status status="PASS" start="2026-05-26T10:00:29.965208" elapsed="0.073690"/>
</kw>
<status status="PASS" start="2026-05-26T10:00:29.501926" elapsed="0.536972"/>
</kw>
<kw name="Pak boční menu by mělo obsahovat položky" owner="spolecne">
<for flavor="IN">
<iter>
<if>
<branch type="IF" condition="&quot;${polozka}&quot; != &quot;Home&quot; and &quot;${polozka}&quot; != &quot;Domů&quot;">
<kw name="Wait For Elements State" owner="Browser">
<msg time="2026-05-26T10:00:30.054900" level="INFO">Waited for Element with selector css=#t_TreeNav &gt;&gt; text="Personalistika přehled" &gt;&gt; nth=0 at state attached</msg>
<arg>css=#t_TreeNav &gt;&gt; text="${polozka}" &gt;&gt; nth=0</arg>
<arg>attached</arg>
<arg>timeout=5s</arg>
<tag>PageContent</tag>
<tag>Wait</tag>
<doc>Waits for the element found by ``selector`` to satisfy state option.</doc>
<status status="PASS" start="2026-05-26T10:00:30.041900" elapsed="0.013000"/>
</kw>
<status status="PASS" start="2026-05-26T10:00:30.040895" elapsed="0.014005"/>
</branch>
<status status="PASS" start="2026-05-26T10:00:30.040895" elapsed="0.014005"/>
</if>
<var name="${polozka}">Personalistika přehled</var>
<status status="PASS" start="2026-05-26T10:00:30.040895" elapsed="0.014005"/>
</iter>
<iter>
<if>
<branch type="IF" condition="&quot;${polozka}&quot; != &quot;Home&quot; and &quot;${polozka}&quot; != &quot;Domů&quot;">
<kw name="Wait For Elements State" owner="Browser">
<msg time="2026-05-26T10:00:30.065416" level="INFO">Waited for Element with selector css=#t_TreeNav &gt;&gt; text="Seznam zaměstnanců s emailem" &gt;&gt; nth=0 at state attached</msg>
<arg>css=#t_TreeNav &gt;&gt; text="${polozka}" &gt;&gt; nth=0</arg>
<arg>attached</arg>
<arg>timeout=5s</arg>
<tag>PageContent</tag>
<tag>Wait</tag>
<doc>Waits for the element found by ``selector`` to satisfy state option.</doc>
<status status="PASS" start="2026-05-26T10:00:30.056407" elapsed="0.009009"/>
</kw>
<status status="PASS" start="2026-05-26T10:00:30.054900" elapsed="0.010516"/>
</branch>
<status status="PASS" start="2026-05-26T10:00:30.054900" elapsed="0.010516"/>
</if>
<var name="${polozka}">Seznam zaměstnanců s emailem</var>
<status status="PASS" start="2026-05-26T10:00:30.054900" elapsed="0.010516"/>
</iter>
<iter>
<if>
<branch type="IF" condition="&quot;${polozka}&quot; != &quot;Home&quot; and &quot;${polozka}&quot; != &quot;Domů&quot;">
<kw name="Wait For Elements State" owner="Browser">
<msg time="2026-05-26T10:00:30.075780" level="INFO">Waited for Element with selector css=#t_TreeNav &gt;&gt; text="Dostupné formuláře" &gt;&gt; nth=0 at state attached</msg>
<arg>css=#t_TreeNav &gt;&gt; text="${polozka}" &gt;&gt; nth=0</arg>
<arg>attached</arg>
<arg>timeout=5s</arg>
<tag>PageContent</tag>
<tag>Wait</tag>
<doc>Waits for the element found by ``selector`` to satisfy state option.</doc>
<status status="PASS" start="2026-05-26T10:00:30.066446" elapsed="0.009334"/>
</kw>
<status status="PASS" start="2026-05-26T10:00:30.065416" elapsed="0.010364"/>
</branch>
<status status="PASS" start="2026-05-26T10:00:30.065416" elapsed="0.010364"/>
</if>
<var name="${polozka}">Dostupné formuláře</var>
<status status="PASS" start="2026-05-26T10:00:30.065416" elapsed="0.010364"/>
</iter>
<iter>
<if>
<branch type="IF" condition="&quot;${polozka}&quot; != &quot;Home&quot; and &quot;${polozka}&quot; != &quot;Domů&quot;">
<kw name="Wait For Elements State" owner="Browser">
<arg>css=#t_TreeNav &gt;&gt; text="${polozka}" &gt;&gt; nth=0</arg>
<arg>attached</arg>
<arg>timeout=5s</arg>
<tag>PageContent</tag>
<tag>Wait</tag>
<doc>Waits for the element found by ``selector`` to satisfy state option.</doc>
<status status="NOT RUN" start="2026-05-26T10:00:30.076780" elapsed="0.000000"/>
</kw>
<status status="NOT RUN" start="2026-05-26T10:00:30.076780" elapsed="0.000000"/>
</branch>
<status status="PASS" start="2026-05-26T10:00:30.076780" elapsed="0.000000"/>
</if>
<var name="${polozka}">Home</var>
<status status="PASS" start="2026-05-26T10:00:30.076780" elapsed="0.000000"/>
</iter>
<var>${polozka}</var>
<value>@{ocekavane_polozky}</value>
<status status="PASS" start="2026-05-26T10:00:30.039896" elapsed="0.037886"/>
</for>
<arg>Personalistika přehled</arg>
<arg>Seznam zaměstnanců s emailem</arg>
<arg>Dostupné formuláře</arg>
<arg>Home</arg>
<status status="PASS" start="2026-05-26T10:00:30.039896" elapsed="0.037886"/>
</kw>
<kw name="Když otevřu stránku &quot;Seznam zaměstnanců s emailem&quot;" owner="spolecne" source_name="Když otevřu stránku &quot;${nazev_stranky}&quot;">
<kw name="Set Variable" owner="BuiltIn">
<msg time="2026-05-26T10:00:30.078781" level="INFO">${card} = css=.t-MediaList-title &gt;&gt; text="Seznam zaměstnanců s emailem"</msg>
<var>${card}</var>
<arg>css=.t-MediaList-title &gt;&gt; text="${nazev_stranky}"</arg>
<doc>Returns the given values which can then be assigned to a variables.</doc>
<status status="PASS" start="2026-05-26T10:00:30.078781" elapsed="0.001001"/>
</kw>
<kw name="Get Element Count" owner="Browser">
<msg time="2026-05-26T10:00:30.087784" level="INFO">${card_count} = 1</msg>
<var>${card_count}</var>
<arg>${card}</arg>
<tag>Assertion</tag>
<tag>Getter</tag>
<tag>PageContent</tag>
<doc>Returns the count of elements found with ``selector``.</doc>
<status status="PASS" start="2026-05-26T10:00:30.079782" elapsed="0.008002"/>
</kw>
<if>
<branch type="IF" condition="${card_count} &gt; 0">
<kw name="Click" owner="Browser">
<msg time="2026-05-26T10:00:30.088781" level="INFO">Clicks the element 'css=.t-MediaList-title &gt;&gt; text="Seznam zaměstnanců s emailem"'.</msg>
<arg>${card}</arg>
<tag>PageContent</tag>
<tag>Setter</tag>
<doc>Simulates mouse click on the element found by ``selector``.</doc>
<status status="PASS" start="2026-05-26T10:00:30.087784" elapsed="0.231628"/>
</kw>
<status status="PASS" start="2026-05-26T10:00:30.087784" elapsed="0.231628"/>
</branch>
<branch type="ELSE IF" condition="&quot;${nazev_stranky}&quot; == &quot;Domů&quot; or &quot;${nazev_stranky}&quot; == &quot;Home&quot; or &quot;${nazev_stranky}&quot; == &quot;Rozcestník&quot;">
<kw name="Go To" owner="Browser">
<arg>${URL_APLIKACE}</arg>
<tag>BrowserControl</tag>
<tag>Setter</tag>
<doc>Navigates to the given ``url``.</doc>
<status status="NOT RUN" start="2026-05-26T10:00:30.319412" elapsed="0.000000"/>
</kw>
<status status="NOT RUN" start="2026-05-26T10:00:30.319412" elapsed="0.000000"/>
</branch>
<branch type="ELSE">
<kw name="Když kliknu na položku v menu &quot;${nazev_stranky}&quot;" owner="spolecne" source_name="Když kliknu na položku v menu &quot;${nazev_polozky}&quot;">
<status status="NOT RUN" start="2026-05-26T10:00:30.320411" elapsed="0.000000"/>
</kw>
<status status="NOT RUN" start="2026-05-26T10:00:30.319412" elapsed="0.000999"/>
</branch>
<status status="PASS" start="2026-05-26T10:00:30.087784" elapsed="0.232627"/>
</if>
<status status="PASS" start="2026-05-26T10:00:30.077782" elapsed="0.242629"/>
</kw>
<kw name="Pak vidím interactive grid &quot;Seznam zaměstnanců s emailem&quot;" owner="grid_klicova_slova" source_name="Pak vidím interactive grid &quot;${nazev_gridu}&quot;">
<kw name="Wait For Elements State" owner="Browser">
<msg time="2026-05-26T10:00:30.434897" level="INFO">Waited for Element with selector text="Seznam zaměstnanců s emailem" &gt;&gt; nth=0 at state attached</msg>
<arg>text="${nazev_gridu}" &gt;&gt; nth=0</arg>
<arg>attached</arg>
<arg>timeout=15s</arg>
<tag>PageContent</tag>
<tag>Wait</tag>
<doc>Waits for the element found by ``selector`` to satisfy state option.</doc>
<status status="PASS" start="2026-05-26T10:00:30.321411" elapsed="0.113486"/>
</kw>
<kw name="Wait For Elements State" owner="Browser">
<msg time="2026-05-26T10:00:30.447896" level="INFO">Waited for Element with selector css=.a-GV, .a-IRR-container, .t-Report, table &gt;&gt; nth=0 at state visible</msg>
<arg>css=.a-GV, .a-IRR-container, .t-Report, table &gt;&gt; nth=0</arg>
<arg>visible</arg>
<arg>timeout=15s</arg>
<tag>PageContent</tag>
<tag>Wait</tag>
<doc>Waits for the element found by ``selector`` to satisfy state option.</doc>
<status status="PASS" start="2026-05-26T10:00:30.434897" elapsed="0.014000"/>
</kw>
<status status="PASS" start="2026-05-26T10:00:30.320411" elapsed="0.128486"/>
</kw>
<msg time="2026-05-26T10:00:30.469915" level="INFO">Switching context to context=1885f86e-c27c-4df2-9bb6-2bb5cfa7e8b1 in CURRENT</msg>
<msg time="2026-05-26T10:00:30.473915" level="INFO">Successfully changed active context: context=1885f86e-c27c-4df2-9bb6-2bb5cfa7e8b1</msg>
<msg time="2026-05-26T10:00:30.481922" level="INFO">Successfully closed Context</msg>
<status status="PASS" start="2026-05-26T10:00:29.013690" elapsed="1.435207"/>
</test>
<test id="s1-t3" name="Role vedoucí by měla vidět všechny sloupce a kompletní menu" line="46">
<kw name="Otevři prohlížeč a aplikaci" owner="spolecne" type="SETUP">
<kw name="New Browser" owner="Browser">
<msg time="2026-05-26T10:00:30.488461" level="INFO">Switching browser to browser=049488a1-92e2-4cc6-9c02-11d5ff4fe662</msg>
<msg time="2026-05-26T10:00:30.489979" level="INFO">Successfully changed active browser: browser=049488a1-92e2-4cc6-9c02-11d5ff4fe662</msg>
<msg time="2026-05-26T10:00:30.489979" level="INFO">Reusing existing browser with id: browser=049488a1-92e2-4cc6-9c02-11d5ff4fe662</msg>
<arg>browser=${PROHLIZEC}</arg>
<arg>headless=${HEADLESS}</arg>
<tag>BrowserControl</tag>
<tag>Setter</tag>
<doc>Create a new playwright Browser with specified options.</doc>
<status status="PASS" start="2026-05-26T10:00:30.486955" elapsed="0.003024"/>
</kw>
<kw name="New Context" owner="Browser">
<msg time="2026-05-26T10:00:30.492016" level="INFO">{
  "acceptDownloads": true,
  "bypassCSP": false,
  "forcedColors": "none",
  "ignoreHTTPSErrors": false,
  "javaScriptEnabled": true,
  "offline": false,
  "reducedMotion": "no-preference",
  "serviceWorkers": "allow",
  "viewport": {
    "width": 1920,
    "height": 1080
  }
}</msg>
<msg time="2026-05-26T10:00:30.504525" level="INFO">Successfully created context. </msg>
<msg time="2026-05-26T10:00:30.504525" level="INFO">{'acceptDownloads': True, 'bypassCSP': False, 'forcedColors': 'none', 'ignoreHTTPSErrors': False, 'javaScriptEnabled': True, 'offline': False, 'reducedMotion': 'no-preference', 'serviceWorkers': 'allow', 'viewport': {'width': 1920, 'height': 1080}}</msg>
<arg>viewport={'width': 1920, 'height': 1080}</arg>
<tag>BrowserControl</tag>
<tag>Setter</tag>
<doc>Create a new BrowserContext with specified options.</doc>
<status status="PASS" start="2026-05-26T10:00:30.491018" elapsed="0.013507"/>
</kw>
<kw name="New Page" owner="Browser">
<msg time="2026-05-26T10:00:30.947621" level="INFO">Successfully initialized new page object and opened url: https://apex-test.civ.zcu.cz/ords/f?p=100000:1</msg>
<arg>url=${URL_APLIKACE}</arg>
<tag>BrowserControl</tag>
<tag>Setter</tag>
<doc>Open a new Page.</doc>
<status status="PASS" start="2026-05-26T10:00:30.504525" elapsed="0.443096"/>
</kw>
<status status="PASS" start="2026-05-26T10:00:30.486955" elapsed="0.460666"/>
</kw>
<kw name="Když se přihlásím jako &quot;admin&quot;" owner="prihlaseni_klicova_slova" source_name="Když se přihlásím jako &quot;${role}&quot;">
<kw name="se přihlásím jako &quot;${role}&quot;" owner="prihlaseni_klicova_slova" source_name="se přihlásím jako &quot;${role}&quot;">
<kw name="Set Variable" owner="BuiltIn">
<msg time="2026-05-26T10:00:30.950621" level="INFO">${uzivatel} = {'jmeno': 'datprx', 'heslo': 'datprx_012026'}</msg>
<var>${uzivatel}</var>
<arg>${UZIVATELE['${role}']}</arg>
<doc>Returns the given values which can then be assigned to a variables.</doc>
<status status="PASS" start="2026-05-26T10:00:30.949620" elapsed="0.001001"/>
</kw>
<kw name="Fill Text" owner="Browser">
<msg time="2026-05-26T10:00:30.952619" level="INFO">Fills the text 'datprx' in the given field.</msg>
<arg>id=username</arg>
<arg>${uzivatel['jmeno']}</arg>
<tag>PageContent</tag>
<tag>Setter</tag>
<doc>Clears and fills the given ``txt`` into the text field found by ``selector``.</doc>
<status status="PASS" start="2026-05-26T10:00:30.951619" elapsed="0.039061"/>
</kw>
<kw name="Fill Text" owner="Browser">
<msg time="2026-05-26T10:00:30.991710" level="INFO">Fills the text 'datprx_012026' in the given field.</msg>
<arg>id=password</arg>
<arg>${uzivatel['heslo']}</arg>
<tag>PageContent</tag>
<tag>Setter</tag>
<doc>Clears and fills the given ``txt`` into the text field found by ``selector``.</doc>
<status status="PASS" start="2026-05-26T10:00:30.990680" elapsed="0.012353"/>
</kw>
<kw name="Click" owner="Browser">
<msg time="2026-05-26T10:00:31.004065" level="INFO">Clicks the element '[name="_eventId_proceed"]'.</msg>
<arg>[name="_eventId_proceed"]</arg>
<tag>PageContent</tag>
<tag>Setter</tag>
<doc>Simulates mouse click on the element found by ``selector``.</doc>
<status status="PASS" start="2026-05-26T10:00:31.004065" elapsed="0.399508"/>
</kw>
<status status="PASS" start="2026-05-26T10:00:30.949620" elapsed="0.453953"/>
</kw>
<kw name="vidím, že jsem přihlášen" owner="prihlaseni_klicova_slova">
<kw name="Wait For Elements State" owner="Browser">
<msg time="2026-05-26T10:00:31.540132" level="INFO">Waited for Element with selector id=t_PageBody at state visible</msg>
<arg>id=t_PageBody</arg>
<arg>visible</arg>
<arg>timeout=5s</arg>
<tag>PageContent</tag>
<tag>Wait</tag>
<doc>Waits for the element found by ``selector`` to satisfy state option.</doc>
<status status="PASS" start="2026-05-26T10:00:31.404596" elapsed="0.136537"/>
</kw>
<status status="PASS" start="2026-05-26T10:00:31.404596" elapsed="0.136537"/>
</kw>
<status status="PASS" start="2026-05-26T10:00:30.948623" elapsed="0.592510"/>
</kw>
<kw name="Když otevřu stránku &quot;Seznam zaměstnanců s emailem&quot;" owner="spolecne" source_name="Když otevřu stránku &quot;${nazev_stranky}&quot;">
<kw name="Set Variable" owner="BuiltIn">
<msg time="2026-05-26T10:00:31.542127" level="INFO">${card} = css=.t-MediaList-title &gt;&gt; text="Seznam zaměstnanců s emailem"</msg>
<var>${card}</var>
<arg>css=.t-MediaList-title &gt;&gt; text="${nazev_stranky}"</arg>
<doc>Returns the given values which can then be assigned to a variables.</doc>
<status status="PASS" start="2026-05-26T10:00:31.542127" elapsed="0.000000"/>
</kw>
<kw name="Get Element Count" owner="Browser">
<msg time="2026-05-26T10:00:31.570128" level="INFO">${card_count} = 1</msg>
<var>${card_count}</var>
<arg>${card}</arg>
<tag>Assertion</tag>
<tag>Getter</tag>
<tag>PageContent</tag>
<doc>Returns the count of elements found with ``selector``.</doc>
<status status="PASS" start="2026-05-26T10:00:31.542127" elapsed="0.028001"/>
</kw>
<if>
<branch type="IF" condition="${card_count} &gt; 0">
<kw name="Click" owner="Browser">
<msg time="2026-05-26T10:00:31.571129" level="INFO">Clicks the element 'css=.t-MediaList-title &gt;&gt; text="Seznam zaměstnanců s emailem"'.</msg>
<arg>${card}</arg>
<tag>PageContent</tag>
<tag>Setter</tag>
<doc>Simulates mouse click on the element found by ``selector``.</doc>
<status status="PASS" start="2026-05-26T10:00:31.571129" elapsed="0.158232"/>
</kw>
<status status="PASS" start="2026-05-26T10:00:31.570128" elapsed="0.159233"/>
</branch>
<branch type="ELSE IF" condition="&quot;${nazev_stranky}&quot; == &quot;Domů&quot; or &quot;${nazev_stranky}&quot; == &quot;Home&quot; or &quot;${nazev_stranky}&quot; == &quot;Rozcestník&quot;">
<kw name="Go To" owner="Browser">
<arg>${URL_APLIKACE}</arg>
<tag>BrowserControl</tag>
<tag>Setter</tag>
<doc>Navigates to the given ``url``.</doc>
<status status="NOT RUN" start="2026-05-26T10:00:31.729361" elapsed="0.000000"/>
</kw>
<status status="NOT RUN" start="2026-05-26T10:00:31.729361" elapsed="0.000000"/>
</branch>
<branch type="ELSE">
<kw name="Když kliknu na položku v menu &quot;${nazev_stranky}&quot;" owner="spolecne" source_name="Když kliknu na položku v menu &quot;${nazev_polozky}&quot;">
<status status="NOT RUN" start="2026-05-26T10:00:31.730362" elapsed="0.000000"/>
</kw>
<status status="NOT RUN" start="2026-05-26T10:00:31.729361" elapsed="0.001001"/>
</branch>
<status status="PASS" start="2026-05-26T10:00:31.570128" elapsed="0.160234"/>
</if>
<status status="PASS" start="2026-05-26T10:00:31.541133" elapsed="0.189229"/>
</kw>
<kw name="Pak mřížka by měla obsahovat sloupce" owner="grid_klicova_slova">
<for flavor="IN">
<iter>
<kw name="Wait For Elements State" owner="Browser">
<msg time="2026-05-26T10:00:31.827671" level="INFO">Waited for Element with selector text="Osobní číslo" &gt;&gt; nth=0 at state attached</msg>
<arg>text="${sloupec}" &gt;&gt; nth=0</arg>
<arg>attached</arg>
<arg>timeout=5s</arg>
<tag>PageContent</tag>
<tag>Wait</tag>
<doc>Waits for the element found by ``selector`` to satisfy state option.</doc>
<status status="PASS" start="2026-05-26T10:00:31.731363" elapsed="0.096308"/>
</kw>
<var name="${sloupec}">Osobní číslo</var>
<status status="PASS" start="2026-05-26T10:00:31.731363" elapsed="0.096308"/>
</iter>
<iter>
<kw name="Wait For Elements State" owner="Browser">
<msg time="2026-05-26T10:00:31.879819" level="INFO">Waited for Element with selector text="Jméno" &gt;&gt; nth=0 at state attached</msg>
<arg>text="${sloupec}" &gt;&gt; nth=0</arg>
<arg>attached</arg>
<arg>timeout=5s</arg>
<tag>PageContent</tag>
<tag>Wait</tag>
<doc>Waits for the element found by ``selector`` to satisfy state option.</doc>
<status status="PASS" start="2026-05-26T10:00:31.828672" elapsed="0.051147"/>
</kw>
<var name="${sloupec}">Jméno</var>
<status status="PASS" start="2026-05-26T10:00:31.828672" elapsed="0.051147"/>
</iter>
<iter>
<kw name="Wait For Elements State" owner="Browser">
<msg time="2026-05-26T10:00:31.910988" level="INFO">Waited for Element with selector text="Příjmení" &gt;&gt; nth=0 at state attached</msg>
<arg>text="${sloupec}" &gt;&gt; nth=0</arg>
<arg>attached</arg>
<arg>timeout=5s</arg>
<tag>PageContent</tag>
<tag>Wait</tag>
<doc>Waits for the element found by ``selector`` to satisfy state option.</doc>
<status status="PASS" start="2026-05-26T10:00:31.879819" elapsed="0.031169"/>
</kw>
<var name="${sloupec}">Příjmení</var>
<status status="PASS" start="2026-05-26T10:00:31.879819" elapsed="0.031169"/>
</iter>
<iter>
<kw name="Wait For Elements State" owner="Browser">
<msg time="2026-05-26T10:00:31.946035" level="INFO">Waited for Element with selector text="Titul před" &gt;&gt; nth=0 at state attached</msg>
<arg>text="${sloupec}" &gt;&gt; nth=0</arg>
<arg>attached</arg>
<arg>timeout=5s</arg>
<tag>PageContent</tag>
<tag>Wait</tag>
<doc>Waits for the element found by ``selector`` to satisfy state option.</doc>
<status status="PASS" start="2026-05-26T10:00:31.912001" elapsed="0.034034"/>
</kw>
<var name="${sloupec}">Titul před</var>
<status status="PASS" start="2026-05-26T10:00:31.912001" elapsed="0.034034"/>
</iter>
<iter>
<kw name="Wait For Elements State" owner="Browser">
<msg time="2026-05-26T10:00:31.996102" level="INFO">Waited for Element with selector text="Titul za" &gt;&gt; nth=0 at state attached</msg>
<arg>text="${sloupec}" &gt;&gt; nth=0</arg>
<arg>attached</arg>
<arg>timeout=5s</arg>
<tag>PageContent</tag>
<tag>Wait</tag>
<doc>Waits for the element found by ``selector`` to satisfy state option.</doc>
<status status="PASS" start="2026-05-26T10:00:31.947026" elapsed="0.049076"/>
</kw>
<var name="${sloupec}">Titul za</var>
<status status="PASS" start="2026-05-26T10:00:31.947026" elapsed="0.049076"/>
</iter>
<iter>
<kw name="Wait For Elements State" owner="Browser">
<msg time="2026-05-26T10:00:37.114367" level="INFO" html="true">&lt;/td&gt;&lt;/tr&gt;&lt;tr&gt;&lt;td colspan="3"&gt;&lt;a href="browser/screenshot/fail-screenshot-2.png" target="_blank"&gt;&lt;img src="browser/screenshot/fail-screenshot-2.png" width="800px"/&gt;&lt;/a&gt;</msg>
<msg time="2026-05-26T10:00:37.114367" level="INFO">See also file:///D:/USERS/iotkurz1/Documents/apex_app/playwright-log.txt for additional details.</msg>
<msg time="2026-05-26T10:00:37.114367" level="FAIL">TimeoutError: locator.waitFor: Timeout 5000ms exceeded.
Call log:
  - waiting for locator('text="Rodné číslo"').first()
</msg>
<arg>text="${sloupec}" &gt;&gt; nth=0</arg>
<arg>attached</arg>
<arg>timeout=5s</arg>
<tag>PageContent</tag>
<tag>Wait</tag>
<doc>Waits for the element found by ``selector`` to satisfy state option.</doc>
<status status="FAIL" start="2026-05-26T10:00:31.997103" elapsed="5.117264">TimeoutError: locator.waitFor: Timeout 5000ms exceeded.
Call log:
  - waiting for locator('text="Rodné číslo"').first()
</status>
</kw>
<var name="${sloupec}">Rodné číslo</var>
<status status="FAIL" start="2026-05-26T10:00:31.997103" elapsed="5.117264">TimeoutError: locator.waitFor: Timeout 5000ms exceeded.
Call log:
  - waiting for locator('text="Rodné číslo"').first()
</status>
</iter>
<var>${sloupec}</var>
<value>@{ocekavane_sloupce}</value>
<status status="FAIL" start="2026-05-26T10:00:31.731363" elapsed="5.383004">TimeoutError: locator.waitFor: Timeout 5000ms exceeded.
Call log:
  - waiting for locator('text="Rodné číslo"').first()
</status>
</for>
<arg>Osobní číslo</arg>
<arg>Jméno</arg>
<arg>Příjmení</arg>
<arg>Titul před</arg>
<arg>Titul za</arg>
<arg>Rodné číslo</arg>
<arg>Státní příslušnost</arg>
<arg>Místo narození</arg>
<arg>Stát narození</arg>
<arg>Rodné příjmení</arg>
<arg>Pracovní e-mail</arg>
<arg>Nastup</arg>
<arg>Pojistny Pomer Od</arg>
<arg>Konec doby určité</arg>
<arg>Adr Ulice</arg>
<arg>Adr Cislo</arg>
<arg>Adr Obec</arg>
<arg>Adr Psc</arg>
<status status="FAIL" start="2026-05-26T10:00:31.730362" elapsed="5.384005">TimeoutError: locator.waitFor: Timeout 5000ms exceeded.
Call log:
  - waiting for locator('text="Rodné číslo"').first()
</status>
</kw>
<msg time="2026-05-26T10:00:37.114367" level="INFO">Switching context to context=0b8aca59-dd21-42d8-b0a2-92642f853c56 in CURRENT</msg>
<msg time="2026-05-26T10:00:37.127997" level="INFO">Successfully changed active context: context=0b8aca59-dd21-42d8-b0a2-92642f853c56</msg>
<msg time="2026-05-26T10:00:37.134626" level="INFO">Successfully closed Context</msg>
<status status="FAIL" start="2026-05-26T10:00:30.482922" elapsed="6.631445">TimeoutError: locator.waitFor: Timeout 5000ms exceeded.
Call log:
  - waiting for locator('text="Rodné číslo"').first()
</status>
</test>
<test id="s1-t4" name="Role nevedoucí by NEMĚLA vidět Rodné číslo a mít menší menu" line="71">
<kw name="Otevři prohlížeč a aplikaci" owner="spolecne" type="SETUP">
<kw name="New Browser" owner="Browser">
<msg time="2026-05-26T10:00:37.144070" level="INFO">Switching browser to browser=049488a1-92e2-4cc6-9c02-11d5ff4fe662</msg>
<msg time="2026-05-26T10:00:37.144070" level="INFO">Successfully changed active browser: browser=049488a1-92e2-4cc6-9c02-11d5ff4fe662</msg>
<msg time="2026-05-26T10:00:37.144070" level="INFO">Reusing existing browser with id: browser=049488a1-92e2-4cc6-9c02-11d5ff4fe662</msg>
<arg>browser=${PROHLIZEC}</arg>
<arg>headless=${HEADLESS}</arg>
<tag>BrowserControl</tag>
<tag>Setter</tag>
<doc>Create a new playwright Browser with specified options.</doc>
<status status="PASS" start="2026-05-26T10:00:37.139769" elapsed="0.004301"/>
</kw>
<kw name="New Context" owner="Browser">
<msg time="2026-05-26T10:00:37.147912" level="INFO">{
  "acceptDownloads": true,
  "bypassCSP": false,
  "forcedColors": "none",
  "ignoreHTTPSErrors": false,
  "javaScriptEnabled": true,
  "offline": false,
  "reducedMotion": "no-preference",
  "serviceWorkers": "allow",
  "viewport": {
    "width": 1920,
    "height": 1080
  }
}</msg>
<msg time="2026-05-26T10:00:37.150067" level="INFO">Successfully created context. </msg>
<msg time="2026-05-26T10:00:37.150067" level="INFO">{'acceptDownloads': True, 'bypassCSP': False, 'forcedColors': 'none', 'ignoreHTTPSErrors': False, 'javaScriptEnabled': True, 'offline': False, 'reducedMotion': 'no-preference', 'serviceWorkers': 'allow', 'viewport': {'width': 1920, 'height': 1080}}</msg>
<arg>viewport={'width': 1920, 'height': 1080}</arg>
<tag>BrowserControl</tag>
<tag>Setter</tag>
<doc>Create a new BrowserContext with specified options.</doc>
<status status="PASS" start="2026-05-26T10:00:37.144070" elapsed="0.005997"/>
</kw>
<kw name="New Page" owner="Browser">
<msg time="2026-05-26T10:00:37.661904" level="INFO">Successfully initialized new page object and opened url: https://apex-test.civ.zcu.cz/ords/f?p=100000:1</msg>
<arg>url=${URL_APLIKACE}</arg>
<tag>BrowserControl</tag>
<tag>Setter</tag>
<doc>Open a new Page.</doc>
<status status="PASS" start="2026-05-26T10:00:37.150067" elapsed="0.511837"/>
</kw>
<status status="PASS" start="2026-05-26T10:00:37.139769" elapsed="0.522135"/>
</kw>
<kw name="Když se přihlásím jako &quot;admin&quot;" owner="prihlaseni_klicova_slova" source_name="Když se přihlásím jako &quot;${role}&quot;">
<kw name="se přihlásím jako &quot;${role}&quot;" owner="prihlaseni_klicova_slova" source_name="se přihlásím jako &quot;${role}&quot;">
<kw name="Set Variable" owner="BuiltIn">
<msg time="2026-05-26T10:00:37.665920" level="INFO">${uzivatel} = {'jmeno': 'datprx', 'heslo': 'datprx_012026'}</msg>
<var>${uzivatel}</var>
<arg>${UZIVATELE['${role}']}</arg>
<doc>Returns the given values which can then be assigned to a variables.</doc>
<status status="PASS" start="2026-05-26T10:00:37.663914" elapsed="0.002006"/>
</kw>
<kw name="Fill Text" owner="Browser">
<msg time="2026-05-26T10:00:37.665920" level="INFO">Fills the text 'datprx' in the given field.</msg>
<arg>id=username</arg>
<arg>${uzivatel['jmeno']}</arg>
<tag>PageContent</tag>
<tag>Setter</tag>
<doc>Clears and fills the given ``txt`` into the text field found by ``selector``.</doc>
<status status="PASS" start="2026-05-26T10:00:37.665920" elapsed="0.039206"/>
</kw>
<kw name="Fill Text" owner="Browser">
<msg time="2026-05-26T10:00:37.705126" level="INFO">Fills the text 'datprx_012026' in the given field.</msg>
<arg>id=password</arg>
<arg>${uzivatel['heslo']}</arg>
<tag>PageContent</tag>
<tag>Setter</tag>
<doc>Clears and fills the given ``txt`` into the text field found by ``selector``.</doc>
<status status="PASS" start="2026-05-26T10:00:37.705126" elapsed="0.014013"/>
</kw>
<kw name="Click" owner="Browser">
<msg time="2026-05-26T10:00:37.719139" level="INFO">Clicks the element '[name="_eventId_proceed"]'.</msg>
<arg>[name="_eventId_proceed"]</arg>
<tag>PageContent</tag>
<tag>Setter</tag>
<doc>Simulates mouse click on the element found by ``selector``.</doc>
<status status="PASS" start="2026-05-26T10:00:37.719139" elapsed="0.418247"/>
</kw>
<status status="PASS" start="2026-05-26T10:00:37.663914" elapsed="0.473472"/>
</kw>
<kw name="vidím, že jsem přihlášen" owner="prihlaseni_klicova_slova">
<kw name="Wait For Elements State" owner="Browser">
<msg time="2026-05-26T10:00:38.297967" level="INFO">Waited for Element with selector id=t_PageBody at state visible</msg>
<arg>id=t_PageBody</arg>
<arg>visible</arg>
<arg>timeout=5s</arg>
<tag>PageContent</tag>
<tag>Wait</tag>
<doc>Waits for the element found by ``selector`` to satisfy state option.</doc>
<status status="PASS" start="2026-05-26T10:00:38.137386" elapsed="0.160581"/>
</kw>
<status status="PASS" start="2026-05-26T10:00:38.137386" elapsed="0.160581"/>
</kw>
<status status="PASS" start="2026-05-26T10:00:37.663914" elapsed="0.634053"/>
</kw>
<kw name="Změň roli přes formulář a ověř editovatelnost" owner="spolecne">
<kw name="Když otevřu stránku &quot;Domů&quot;" owner="spolecne" source_name="Když otevřu stránku &quot;${nazev_stranky}&quot;">
<kw name="Set Variable" owner="BuiltIn">
<msg time="2026-05-26T10:00:38.300971" level="INFO">${card} = css=.t-MediaList-title &gt;&gt; text="Domů"</msg>
<var>${card}</var>
<arg>css=.t-MediaList-title &gt;&gt; text="${nazev_stranky}"</arg>
<doc>Returns the given values which can then be assigned to a variables.</doc>
<status status="PASS" start="2026-05-26T10:00:38.299968" elapsed="0.001003"/>
</kw>
<kw name="Get Element Count" owner="Browser">
<msg time="2026-05-26T10:00:38.327495" level="INFO">${card_count} = 0</msg>
<var>${card_count}</var>
<arg>${card}</arg>
<tag>Assertion</tag>
<tag>Getter</tag>
<tag>PageContent</tag>
<doc>Returns the count of elements found with ``selector``.</doc>
<status status="PASS" start="2026-05-26T10:00:38.300971" elapsed="0.026524"/>
</kw>
<if>
<branch type="IF" condition="${card_count} &gt; 0">
<kw name="Click" owner="Browser">
<arg>${card}</arg>
<tag>PageContent</tag>
<tag>Setter</tag>
<doc>Simulates mouse click on the element found by ``selector``.</doc>
<status status="NOT RUN" start="2026-05-26T10:00:38.328496" elapsed="0.000000"/>
</kw>
<status status="NOT RUN" start="2026-05-26T10:00:38.327495" elapsed="0.001001"/>
</branch>
<branch type="ELSE IF" condition="&quot;${nazev_stranky}&quot; == &quot;Domů&quot; or &quot;${nazev_stranky}&quot; == &quot;Home&quot; or &quot;${nazev_stranky}&quot; == &quot;Rozcestník&quot;">
<kw name="Go To" owner="Browser">
<msg time="2026-05-26T10:00:38.855822" level="INFO">Successfully opened URL https://apex-test.civ.zcu.cz/ords/f?p=100000:1</msg>
<arg>${URL_APLIKACE}</arg>
<tag>BrowserControl</tag>
<tag>Setter</tag>
<doc>Navigates to the given ``url``.</doc>
<status status="PASS" start="2026-05-26T10:00:38.328496" elapsed="0.528331"/>
</kw>
<status status="PASS" start="2026-05-26T10:00:38.328496" elapsed="0.528331"/>
</branch>
<branch type="ELSE">
<kw name="Když kliknu na položku v menu &quot;${nazev_stranky}&quot;" owner="spolecne" source_name="Když kliknu na položku v menu &quot;${nazev_polozky}&quot;">
<status status="NOT RUN" start="2026-05-26T10:00:38.856827" elapsed="0.000000"/>
</kw>
<status status="NOT RUN" start="2026-05-26T10:00:38.856827" elapsed="0.000996"/>
</branch>
<status status="PASS" start="2026-05-26T10:00:38.327495" elapsed="0.530328"/>
</if>
<status status="PASS" start="2026-05-26T10:00:38.299968" elapsed="0.557855"/>
</kw>
<kw name="Když otevřu stránku &quot;Přihlásit za uživatele&quot;" owner="spolecne" source_name="Když otevřu stránku &quot;${nazev_stranky}&quot;">
<kw name="Set Variable" owner="BuiltIn">
<msg time="2026-05-26T10:00:38.858823" level="INFO">${card} = css=.t-MediaList-title &gt;&gt; text="Přihlásit za uživatele"</msg>
<var>${card}</var>
<arg>css=.t-MediaList-title &gt;&gt; text="${nazev_stranky}"</arg>
<doc>Returns the given values which can then be assigned to a variables.</doc>
<status status="PASS" start="2026-05-26T10:00:38.858823" elapsed="0.000000"/>
</kw>
<kw name="Get Element Count" owner="Browser">
<msg time="2026-05-26T10:00:38.919445" level="INFO">${card_count} = 1</msg>
<var>${card_count}</var>
<arg>${card}</arg>
<tag>Assertion</tag>
<tag>Getter</tag>
<tag>PageContent</tag>
<doc>Returns the count of elements found with ``selector``.</doc>
<status status="PASS" start="2026-05-26T10:00:38.858823" elapsed="0.060622"/>
</kw>
<if>
<branch type="IF" condition="${card_count} &gt; 0">
<kw name="Click" owner="Browser">
<msg time="2026-05-26T10:00:38.920442" level="INFO">Clicks the element 'css=.t-MediaList-title &gt;&gt; text="Přihlásit za uživatele"'.</msg>
<arg>${card}</arg>
<tag>PageContent</tag>
<tag>Setter</tag>
<doc>Simulates mouse click on the element found by ``selector``.</doc>
<status status="PASS" start="2026-05-26T10:00:38.919445" elapsed="0.124066"/>
</kw>
<status status="PASS" start="2026-05-26T10:00:38.919445" elapsed="0.124066"/>
</branch>
<branch type="ELSE IF" condition="&quot;${nazev_stranky}&quot; == &quot;Domů&quot; or &quot;${nazev_stranky}&quot; == &quot;Home&quot; or &quot;${nazev_stranky}&quot; == &quot;Rozcestník&quot;">
<kw name="Go To" owner="Browser">
<arg>${URL_APLIKACE}</arg>
<tag>BrowserControl</tag>
<tag>Setter</tag>
<doc>Navigates to the given ``url``.</doc>
<status status="NOT RUN" start="2026-05-26T10:00:39.044511" elapsed="0.000000"/>
</kw>
<status status="NOT RUN" start="2026-05-26T10:00:39.043511" elapsed="0.001000"/>
</branch>
<branch type="ELSE">
<kw name="Když kliknu na položku v menu &quot;${nazev_stranky}&quot;" owner="spolecne" source_name="Když kliknu na položku v menu &quot;${nazev_polozky}&quot;">
<status status="NOT RUN" start="2026-05-26T10:00:39.044511" elapsed="0.000000"/>
</kw>
<status status="NOT RUN" start="2026-05-26T10:00:39.044511" elapsed="0.001000"/>
</branch>
<status status="PASS" start="2026-05-26T10:00:38.919445" elapsed="0.126066"/>
</if>
<status status="PASS" start="2026-05-26T10:00:38.857823" elapsed="0.187688"/>
</kw>
<kw name="Get Element States" owner="Browser">
<msg time="2026-05-26T10:00:39.163870" level="INFO">States are: ['attached', 'visible', 'enabled', 'editable', 'defocused']</msg>
<arg>css=#P4_LOGIN</arg>
<arg>contains</arg>
<arg>editable</arg>
<tag>Assertion</tag>
<tag>Getter</tag>
<tag>PageContent</tag>
<doc>Get the active states from the element found by ``selector``.</doc>
<status status="PASS" start="2026-05-26T10:00:39.045511" elapsed="0.119357"/>
</kw>
<kw name="Get Element States" owner="Browser">
<msg time="2026-05-26T10:00:39.222627" level="INFO">States are: ['attached', 'visible', 'enabled', 'defocused']</msg>
<arg>css=#P4_ROLE_LIST</arg>
<arg>not contains</arg>
<arg>editable</arg>
<tag>Assertion</tag>
<tag>Getter</tag>
<tag>PageContent</tag>
<doc>Get the active states from the element found by ``selector``.</doc>
<status status="PASS" start="2026-05-26T10:00:39.164868" elapsed="0.057759"/>
</kw>
<kw name="Fill Text" owner="Browser">
<msg time="2026-05-26T10:00:39.222627" level="INFO">Fills the text 'S_ROLI_NEVEDOUCI' in the given field.</msg>
<arg>css=#P4_LOGIN</arg>
<arg>${login_uzivatele}</arg>
<tag>PageContent</tag>
<tag>Setter</tag>
<doc>Clears and fills the given ``txt`` into the text field found by ``selector``.</doc>
<status status="PASS" start="2026-05-26T10:00:39.222627" elapsed="0.013117"/>
</kw>
<kw name="Press Keys" owner="Browser">
<arg>css=#P4_LOGIN</arg>
<arg>Tab</arg>
<tag>PageContent</tag>
<tag>Setter</tag>
<doc>Types the given key combination into element found by ``selector``.</doc>
<status status="PASS" start="2026-05-26T10:00:39.235744" elapsed="0.019743"/>
</kw>
<kw name="Sleep" owner="BuiltIn">
<msg time="2026-05-26T10:00:40.255970" level="INFO">Slept 1 second.</msg>
<arg>1s</arg>
<doc>Pauses the test executed for the given time.</doc>
<status status="PASS" start="2026-05-26T10:00:39.255487" elapsed="1.000483"/>
</kw>
<kw name="Click" owner="Browser">
<msg time="2026-05-26T10:00:40.256508" level="INFO">Clicks the element 'css=button:has-text("Přihlásit za uživatele")'.</msg>
<msg time="2026-05-26T10:00:50.302674" level="INFO" html="true">&lt;/td&gt;&lt;/tr&gt;&lt;tr&gt;&lt;td colspan="3"&gt;&lt;a href="browser/screenshot/fail-screenshot-3.png" target="_blank"&gt;&lt;img src="browser/screenshot/fail-screenshot-3.png" width="800px"/&gt;&lt;/a&gt;</msg>
<msg time="2026-05-26T10:00:50.302674" level="INFO">See also file:///D:/USERS/iotkurz1/Documents/apex_app/playwright-log.txt for additional details.</msg>
<msg time="2026-05-26T10:00:50.302674" level="FAIL">TimeoutError: locator.click: Timeout 10000ms exceeded.
Call log:
  - waiting for locator('button:has-text("Přihlásit za uživatele")')
</msg>
<arg>css=button:has-text("Přihlásit za uživatele")</arg>
<tag>PageContent</tag>
<tag>Setter</tag>
<doc>Simulates mouse click on the element found by ``selector``.</doc>
<status status="FAIL" start="2026-05-26T10:00:40.255970" elapsed="10.046704">TimeoutError: locator.click: Timeout 10000ms exceeded.
Call log:
  - waiting for locator('button:has-text("Přihlásit za uživatele")')
</status>
</kw>
<kw name="Sleep" owner="BuiltIn">
<arg>3s</arg>
<doc>Pauses the test executed for the given time.</doc>
<status status="NOT RUN" start="2026-05-26T10:00:50.302674" elapsed="0.000000"/>
</kw>
<arg>S_ROLI_NEVEDOUCI</arg>
<status status="FAIL" start="2026-05-26T10:00:38.298968" elapsed="12.003706">TimeoutError: locator.click: Timeout 10000ms exceeded.
Call log:
  - waiting for locator('button:has-text("Přihlásit za uživatele")')
</status>
</kw>
<kw name="Když otevřu stránku &quot;Seznam zaměstnanců s emailem&quot;" owner="spolecne" source_name="Když otevřu stránku &quot;${nazev_stranky}&quot;">
<status status="NOT RUN" start="2026-05-26T10:00:50.302674" elapsed="0.000000"/>
</kw>
<kw name="Pak mřížka by měla obsahovat sloupce" owner="grid_klicova_slova">
<arg>Osobní číslo</arg>
<arg>Jméno</arg>
<arg>Příjmení</arg>
<arg>Titul před</arg>
<arg>Titul za</arg>
<arg>Státní příslušnost</arg>
<arg>Místo narození</arg>
<arg>Stát narození</arg>
<arg>Rodné příjmení</arg>
<arg>Pracovní e-mail</arg>
<arg>Nastup</arg>
<arg>Pojistny Pomer Od</arg>
<arg>Konec doby určité</arg>
<arg>Adr Ulice</arg>
<arg>Adr Cislo</arg>
<arg>Adr Obec</arg>
<arg>Adr Psc</arg>
<status status="NOT RUN" start="2026-05-26T10:00:50.302674" elapsed="0.000000"/>
</kw>
<kw name="Pak mřížka by NEMĚLA obsahovat sloupec" owner="grid_klicova_slova">
<arg>Rodné číslo</arg>
<status status="NOT RUN" start="2026-05-26T10:00:50.302674" elapsed="0.000000"/>
</kw>
<kw name="Vrať roli zpět na admina" owner="spolecne">
<status status="NOT RUN" start="2026-05-26T10:00:50.308507" elapsed="0.000000"/>
</kw>
<msg time="2026-05-26T10:00:50.308507" level="INFO">Switching context to context=9fafc475-b3d3-4751-b3bd-549bac751d98 in CURRENT</msg>
<msg time="2026-05-26T10:00:50.321710" level="INFO">Successfully changed active context: context=9fafc475-b3d3-4751-b3bd-549bac751d98</msg>
<msg time="2026-05-26T10:00:50.324233" level="INFO">Successfully closed Context</msg>
<status status="FAIL" start="2026-05-26T10:00:37.137759" elapsed="13.170748">TimeoutError: locator.click: Timeout 10000ms exceeded.
Call log:
  - waiting for locator('button:has-text("Přihlásit za uživatele")')
</status>
</test>
<status status="FAIL" start="2026-05-26T10:00:19.461909" elapsed="30.862324"/>
</suite>
<statistics>
<total>
<stat pass="1" fail="3" skip="0">All Tests</stat>
</total>
<tag>
</tag>
<suite>
<stat name="Interactive Grid" id="s1" pass="1" fail="3" skip="0">Interactive Grid</stat>
</suite>
</statistics>
<errors>
</errors>
</robot>
