<?xml version="1.0" encoding="UTF-8"?>
<robot generator="Robot 7.4.2 (Python 3.11.9 on win32)" generated="2026-05-26T10:26:57.981937" rpa="false" schemaversion="5">
<suite id="s1" name="Test Selhani" source="D:\USERS\iotkurz1\Documents\apex_app\apex-test-flow\tests\test_selhani.robot">
<test id="s1-t1" name="Schvalne selhani pro overeni screenshotu" line="7">
<kw name="Otevři prohlížeč a aplikaci" owner="spolecne">
<kw name="New Browser" owner="Browser">
<msg time="2026-05-26T10:26:58.297356" level="INFO">{"browser": "firefox", "headless": true, "chromiumSandbox": false, "devtools": false, "handleSIGHUP": true, "handleSIGINT": true, "handleSIGTERM": true, "slowMo": 0.0, "timeout": 30000.0, "tracesDir": "D:\\USERS\\iotkurz1\\Documents\\apex_app\\results\\browser\\traces\\temp\\d2d3102e-a594-4f11-8f19-d7d2cec598cc"}</msg>
<msg time="2026-05-26T10:26:58.333025" level="INFO">Starting Browser process C:\Program Files\Python311\Lib\site-packages\Browser\wrapper\index.js using at 127.0.0.1:58557</msg>
<msg time="2026-05-26T10:26:59.341406" level="INFO">Successfully created browser with options: {"browser":"firefox","headless":true,"chromiumSandbox":false,"devtools":false,"handleSIGHUP":true,"handleSIGINT":true,"handleSIGTERM":true,"slowMo":0,"timeout":30000,"tracesDir":"D:\\USERS\\iotkurz1\\Documents\\apex_app\\results\\browser\\traces\\temp\\d2d3102e-a594-4f11-8f19-d7d2cec598cc"}</msg>
<arg>browser=${PROHLIZEC}</arg>
<arg>headless=${HEADLESS}</arg>
<tag>BrowserControl</tag>
<tag>Setter</tag>
<doc>Create a new playwright Browser with specified options.</doc>
<status status="PASS" start="2026-05-26T10:26:58.297356" elapsed="1.044050"/>
</kw>
<kw name="New Context" owner="Browser">
<msg time="2026-05-26T10:26:59.353177" level="INFO">{
  "acceptDownloads": true,
  "bypassCSP": false,
  "forcedColors": "none",
  "ignoreHTTPSErrors": false,
  "javaScriptEnabled": true,
  "offline": false,
  "reducedMotion": "no-preference",
  "serviceWorkers": "allow",
  "viewport": {
    "width": 1920,
    "height": 1080
  }
}</msg>
<msg time="2026-05-26T10:26:59.452268" level="INFO">Successfully created context. </msg>
<msg time="2026-05-26T10:26:59.452268" level="INFO">{'acceptDownloads': True, 'bypassCSP': False, 'forcedColors': 'none', 'ignoreHTTPSErrors': False, 'javaScriptEnabled': True, 'offline': False, 'reducedMotion': 'no-preference', 'serviceWorkers': 'allow', 'viewport': {'width': 1920, 'height': 1080}}</msg>
<arg>viewport={'width': 1920, 'height': 1080}</arg>
<tag>BrowserControl</tag>
<tag>Setter</tag>
<doc>Create a new BrowserContext with specified options.</doc>
<status status="PASS" start="2026-05-26T10:26:59.341406" elapsed="0.110862"/>
</kw>
<kw name="New Page" owner="Browser">
<msg time="2026-05-26T10:27:00.454807" level="INFO">Successfully initialized new page object and opened url: https://apex-test.civ.zcu.cz/ords/f?p=100000:1</msg>
<arg>url=${URL_APLIKACE}</arg>
<tag>BrowserControl</tag>
<tag>Setter</tag>
<doc>Open a new Page.</doc>
<status status="PASS" start="2026-05-26T10:26:59.452268" elapsed="1.003568"/>
</kw>
<status status="PASS" start="2026-05-26T10:26:58.297356" elapsed="2.158480"/>
</kw>
<kw name="Pak vidím text" owner="spolecne">
<kw name="Wait For Elements State" owner="Browser">
<msg time="2026-05-26T10:27:05.510532" level="INFO" html="true">&lt;/td&gt;&lt;/tr&gt;&lt;tr&gt;&lt;td colspan="3"&gt;&lt;a href="browser/screenshot/fail-screenshot-1.png" target="_blank"&gt;&lt;img src="browser/screenshot/fail-screenshot-1.png" width="800px"/&gt;&lt;/a&gt;</msg>
<msg time="2026-05-26T10:27:05.510532" level="INFO">See also file:///D:/USERS/iotkurz1/Documents/apex_app/results/playwright-log.txt for additional details.</msg>
<msg time="2026-05-26T10:27:05.510532" level="FAIL">TimeoutError: locator.waitFor: Timeout 5000ms exceeded.
Call log:
  - waiting for locator('text="Tento text tam urcite neni a test by mel spadnout"') to be visible
</msg>
<arg>text="${text}"</arg>
<arg>visible</arg>
<arg>timeout=5s</arg>
<tag>PageContent</tag>
<tag>Wait</tag>
<doc>Waits for the element found by ``selector`` to satisfy state option.</doc>
<status status="FAIL" start="2026-05-26T10:27:00.456806" elapsed="5.069666">TimeoutError: locator.waitFor: Timeout 5000ms exceeded.
Call log:
  - waiting for locator('text="Tento text tam urcite neni a test by mel spadnout"') to be visible
</status>
</kw>
<arg>Tento text tam urcite neni a test by mel spadnout</arg>
<status status="FAIL" start="2026-05-26T10:27:00.455836" elapsed="5.070636">TimeoutError: locator.waitFor: Timeout 5000ms exceeded.
Call log:
  - waiting for locator('text="Tento text tam urcite neni a test by mel spadnout"') to be visible
</status>
</kw>
<msg time="2026-05-26T10:27:05.542275" level="INFO">Switching context to context=bcca497f-afd1-4315-9813-4a031b5bcab2 in CURRENT</msg>
<msg time="2026-05-26T10:27:05.543311" level="INFO">Successfully changed active context: context=bcca497f-afd1-4315-9813-4a031b5bcab2</msg>
<msg time="2026-05-26T10:27:05.554458" level="INFO">Successfully closed Context</msg>
<status status="FAIL" start="2026-05-26T10:26:58.297356" elapsed="7.233892">TimeoutError: locator.waitFor: Timeout 5000ms exceeded.
Call log:
  - waiting for locator('text="Tento text tam urcite neni a test by mel spadnout"') to be visible
</status>
</test>
<status status="FAIL" start="2026-05-26T10:26:57.981937" elapsed="7.572521"/>
</suite>
<statistics>
<total>
<stat pass="0" fail="1" skip="0">All Tests</stat>
</total>
<tag>
</tag>
<suite>
<stat name="Test Selhani" id="s1" pass="0" fail="1" skip="0">Test Selhani</stat>
</suite>
</statistics>
<errors>
</errors>
</robot>
