<?xml version="1.0" encoding="UTF-8"?>
<robot generator="Robot 7.4.2 (Python 3.11.9 on win32)" generated="2026-05-20T13:35:48.897844" rpa="false" schemaversion="5">
<suite id="s1" name="Prihlaseni" source="D:\USERS\iotkurz1\Documents\apex_app\apex-test-flow\tests\prihlaseni.robot">
<test id="s1-t1" name="Uživatel se úspěšně přihlásí" line="6">
<kw name="Otevři prohlížeč a aplikaci" owner="spolecne" type="SETUP">
<kw name="New Browser" owner="Browser">
<msg time="2026-05-20T13:35:49.189657" level="INFO">{"browser": "firefox", "headless": false, "chromiumSandbox": false, "devtools": false, "handleSIGHUP": true, "handleSIGINT": true, "handleSIGTERM": true, "slowMo": 0.0, "timeout": 30000.0, "tracesDir": "D:\\USERS\\iotkurz1\\Documents\\apex_app\\results\\browser\\traces\\temp\\45d32c0e-db70-49ef-9d9d-ec0792d817c8"}</msg>
<msg time="2026-05-20T13:35:49.212903" level="INFO">Starting Browser process C:\Program Files\Python311\Lib\site-packages\Browser\wrapper\index.js using at 127.0.0.1:61573</msg>
<msg time="2026-05-20T13:35:50.258386" level="INFO">Successfully created browser with options: {"browser":"firefox","headless":false,"chromiumSandbox":false,"devtools":false,"handleSIGHUP":true,"handleSIGINT":true,"handleSIGTERM":true,"slowMo":0,"timeout":30000,"tracesDir":"D:\\USERS\\iotkurz1\\Documents\\apex_app\\results\\browser\\traces\\temp\\45d32c0e-db70-49ef-9d9d-ec0792d817c8"}</msg>
<arg>browser=${PROHLIZEC}</arg>
<arg>headless=${HEADLESS}</arg>
<tag>BrowserControl</tag>
<tag>Setter</tag>
<doc>Create a new playwright Browser with specified options.</doc>
<status status="PASS" start="2026-05-20T13:35:49.181298" elapsed="1.077088"/>
</kw>
<kw name="New Context" owner="Browser">
<msg time="2026-05-20T13:35:50.258386" level="INFO">{
  "acceptDownloads": true,
  "bypassCSP": false,
  "forcedColors": "none",
  "ignoreHTTPSErrors": false,
  "javaScriptEnabled": true,
  "offline": false,
  "reducedMotion": "no-preference",
  "serviceWorkers": "allow",
  "viewport": {
    "width": 1920,
    "height": 1080
  }
}</msg>
<msg time="2026-05-20T13:35:50.476183" level="INFO">Successfully created context. </msg>
<msg time="2026-05-20T13:35:50.476183" level="INFO">{'acceptDownloads': True, 'bypassCSP': False, 'forcedColors': 'none', 'ignoreHTTPSErrors': False, 'javaScriptEnabled': True, 'offline': False, 'reducedMotion': 'no-preference', 'serviceWorkers': 'allow', 'viewport': {'width': 1920, 'height': 1080}}</msg>
<arg>viewport={'width': 1920, 'height': 1080}</arg>
<tag>BrowserControl</tag>
<tag>Setter</tag>
<doc>Create a new BrowserContext with specified options.</doc>
<status status="PASS" start="2026-05-20T13:35:50.258386" elapsed="0.217797"/>
</kw>
<kw name="New Page" owner="Browser">
<msg time="2026-05-20T13:35:52.144695" level="INFO">Successfully initialized new page object and opened url: https://apex-test.civ.zcu.cz/ords/r/apex/workspace-sign-in/oracle-apex-sign-in</msg>
<arg>url=${URL_APLIKACE}</arg>
<tag>BrowserControl</tag>
<tag>Setter</tag>
<doc>Open a new Page.</doc>
<status status="PASS" start="2026-05-20T13:35:50.476183" elapsed="1.669483"/>
</kw>
<status status="PASS" start="2026-05-20T13:35:49.181298" elapsed="2.964368"/>
</kw>
<kw name="Když se přihlásím jako &quot;admin&quot;" owner="prihlaseni_klicova_slova" source_name="Když se přihlásím jako &quot;${role}&quot;">
<kw name="se přihlásím jako &quot;${role}&quot;" owner="prihlaseni_klicova_slova" source_name="se přihlásím jako &quot;${role}&quot;">
<kw name="Set Variable" owner="BuiltIn">
<msg time="2026-05-20T13:35:52.147669" level="INFO">${uzivatel} = {'jmeno': 'datprx', 'heslo': 'datprx_012026'}</msg>
<var>${uzivatel}</var>
<arg>${UZIVATELE['${role}']}</arg>
<doc>Returns the given values which can then be assigned to a variables.</doc>
<status status="PASS" start="2026-05-20T13:35:52.146670" elapsed="0.000999"/>
</kw>
<kw name="Fill Text" owner="Browser">
<msg time="2026-05-20T13:35:52.148669" level="INFO">Fills the text 'datprx' in the given field.</msg>
<arg>id=F4550_P1_USERNAME</arg>
<arg>${uzivatel['jmeno']}</arg>
<tag>PageContent</tag>
<tag>Setter</tag>
<doc>Clears and fills the given ``txt`` into the text field found by ``selector``.</doc>
<status status="PASS" start="2026-05-20T13:35:52.147669" elapsed="0.055712"/>
</kw>
<kw name="Fill Text" owner="Browser">
<msg time="2026-05-20T13:35:52.204377" level="INFO">Fills the text 'datprx_012026' in the given field.</msg>
<arg>id=F4550_P1_PASSWORD</arg>
<arg>${uzivatel['heslo']}</arg>
<tag>PageContent</tag>
<tag>Setter</tag>
<doc>Clears and fills the given ``txt`` into the text field found by ``selector``.</doc>
<status status="PASS" start="2026-05-20T13:35:52.203381" elapsed="0.038561"/>
</kw>
<kw name="Click" owner="Browser">
<msg time="2026-05-20T13:35:52.243480" level="INFO">Clicks the element 'id=B232005500580944564'.</msg>
<msg time="2026-05-20T13:36:02.331230" level="INFO" html="true">&lt;/td&gt;&lt;/tr&gt;&lt;tr&gt;&lt;td colspan="3"&gt;&lt;a href="browser/screenshot/fail-screenshot-1.png" target="_blank"&gt;&lt;img src="browser/screenshot/fail-screenshot-1.png" width="800px"/&gt;&lt;/a&gt;</msg>
<msg time="2026-05-20T13:36:02.331230" level="INFO">See also file:///D:/USERS/iotkurz1/Documents/apex_app/results/playwright-log.txt for additional details.</msg>
<msg time="2026-05-20T13:36:02.331230" level="FAIL">TimeoutError: locator.click: Timeout 10000ms exceeded.
Call log:
  - waiting for locator('id=B232005500580944564')
    - locator resolved to &lt;button type="button" id="B232005500580944564" class="a-Button a-Button--hot a-Button--large" onclick="apex.submit({request:'LOGIN_BUTTON',validate:true});"&gt;Sign In&lt;/button&gt;
  - attempting click action
    - waiting for element to be visible, enabled and stable
    - element is not stable
  - retrying click action
    - waiting for element to be visible, enabled and stable
</msg>
<arg>id=B232005500580944564</arg>
<tag>PageContent</tag>
<tag>Setter</tag>
<doc>Simulates mouse click on the element found by ``selector``.</doc>
<status status="FAIL" start="2026-05-20T13:35:52.243480" elapsed="10.175324">TimeoutError: locator.click: Timeout 10000ms exceeded.
Call log:
  - waiting for locator('id=B232005500580944564')
    - locator resolved to &lt;button type="button" id="B232005500580944564" class="a-Button a-Button--hot a-Button--large" onclick="apex.submit({request:'LOGIN_BUTTON',validate:true});"&gt;Sign In&lt;/button&gt;
  - attempting click action
    - waiting for element to be visible, enabled and stable
    - element is not stable
  - retrying click action
    - waiting for element to be visible, enabled and stable
</status>
</kw>
<status status="FAIL" start="2026-05-20T13:35:52.146670" elapsed="10.272134">TimeoutError: locator.click: Timeout 10000ms exceeded.
Call log:
  - waiting for locator('id=B232005500580944564')
    - locator resolved to &lt;button type="button" id="B232005500580944564" class="a-Button a-Button--hot a-Button--large" onclick="apex.submit({request:'LOGIN_BUTTON',validate:true});"&gt;Sign In&lt;/button&gt;
  - attempting click action
    - waiting for element to be visible, enabled and stable
    - element is not stable
  - retrying click action
    - waiting for element to be visible, enabled and stable
</status>
</kw>
<status status="FAIL" start="2026-05-20T13:35:52.145666" elapsed="10.273138">TimeoutError: locator.click: Timeout 10000ms exceeded.
Call log:
  - waiting for locator('id=B232005500580944564')
    - locator resolved to &lt;button type="button" id="B232005500580944564" class="a-Button a-Button--hot a-Button--large" onclick="apex.submit({request:'LOGIN_BUTTON',validate:true});"&gt;Sign In&lt;/button&gt;
  - attempting click action
    - waiting for element to be visible, enabled and stable
    - element is not stable
  - retrying click action
    - waiting for element to be visible, enabled and stable
</status>
</kw>
<kw name="Pak vidím, že jsem přihlášen" owner="prihlaseni_klicova_slova">
<status status="NOT RUN" start="2026-05-20T13:36:02.420809" elapsed="0.000000"/>
</kw>
<msg time="2026-05-20T13:36:02.425708" level="INFO">Switching context to context=41569fe6-6469-4f5e-a6c4-f619f2d2580c in CURRENT</msg>
<msg time="2026-05-20T13:36:02.425708" level="INFO">Successfully changed active context: context=41569fe6-6469-4f5e-a6c4-f619f2d2580c</msg>
<msg time="2026-05-20T13:36:02.462143" level="INFO">Successfully closed Context</msg>
<status status="FAIL" start="2026-05-20T13:35:49.181298" elapsed="13.239511">TimeoutError: locator.click: Timeout 10000ms exceeded.
Call log:
  - waiting for locator('id=B232005500580944564')
    - locator resolved to &lt;button type="button" id="B232005500580944564" class="a-Button a-Button--hot a-Button--large" onclick="apex.submit({request:'LOGIN_BUTTON',validate:true});"&gt;Sign In&lt;/button&gt;
  - attempting click action
    - waiting for element to be visible, enabled and stable
    - element is not stable
  - retrying click action
    - waiting for element to be visible, enabled and stable
</status>
</test>
<status status="FAIL" start="2026-05-20T13:35:48.897844" elapsed="13.564299"/>
</suite>
<statistics>
<total>
<stat pass="0" fail="1" skip="0">All Tests</stat>
</total>
<tag>
</tag>
<suite>
<stat name="Prihlaseni" id="s1" pass="0" fail="1" skip="0">Prihlaseni</stat>
</suite>
</statistics>
<errors>
</errors>
</robot>
