<?xml version="1.0" encoding="UTF-8"?>
<robot generator="Robot 7.4.2 (Python 3.11.9 on win32)" generated="2026-05-26T08:41:14.914124" rpa="false" schemaversion="5">
<suite id="s1" name="Formulare Prihlasky" source="D:\USERS\iotkurz1\Downloads\slozka\apex_app\apex-test-flow\tests\formulare_prihlasky.robot">
<test id="s1-t1" name="Student se přihlásí na volný kurz před deadlinem" line="11">
<kw name="Otevři prohlížeč a aplikaci" owner="spolecne" type="SETUP">
<kw name="New Browser" owner="Browser">
<msg time="2026-05-26T08:41:15.256497" level="INFO">{"browser": "firefox", "headless": false, "chromiumSandbox": false, "devtools": false, "handleSIGHUP": true, "handleSIGINT": true, "handleSIGTERM": true, "slowMo": 0.0, "timeout": 30000.0, "tracesDir": "D:\\USERS\\iotkurz1\\Downloads\\slozka\\apex_app\\apex-test-flow\\browser\\traces\\temp\\3caaf97f-88e9-4652-b4b8-f6c632e52ca4"}</msg>
<msg time="2026-05-26T08:41:15.292295" level="INFO">Starting Browser process C:\Program Files\Python311\Lib\site-packages\Browser\wrapper\index.js using at 127.0.0.1:59816</msg>
<msg time="2026-05-26T08:41:16.857292" level="INFO">Successfully created browser with options: {"browser":"firefox","headless":false,"chromiumSandbox":false,"devtools":false,"handleSIGHUP":true,"handleSIGINT":true,"handleSIGTERM":true,"slowMo":0,"timeout":30000,"tracesDir":"D:\\USERS\\iotkurz1\\Downloads\\slozka\\apex_app\\apex-test-flow\\browser\\traces\\temp\\3caaf97f-88e9-4652-b4b8-f6c632e52ca4"}</msg>
<arg>browser=${PROHLIZEC}</arg>
<arg>headless=${HEADLESS}</arg>
<tag>BrowserControl</tag>
<tag>Setter</tag>
<doc>Create a new playwright Browser with specified options.</doc>
<status status="PASS" start="2026-05-26T08:41:15.255651" elapsed="1.601641"/>
</kw>
<kw name="New Context" owner="Browser">
<msg time="2026-05-26T08:41:16.857292" level="INFO">{
  "acceptDownloads": true,
  "bypassCSP": false,
  "forcedColors": "none",
  "ignoreHTTPSErrors": false,
  "javaScriptEnabled": true,
  "offline": false,
  "reducedMotion": "no-preference",
  "serviceWorkers": "allow",
  "viewport": {
    "width": 1920,
    "height": 1080
  }
}</msg>
<msg time="2026-05-26T08:41:17.011874" level="INFO">Successfully created context. </msg>
<msg time="2026-05-26T08:41:17.011874" level="INFO">{'acceptDownloads': True, 'bypassCSP': False, 'forcedColors': 'none', 'ignoreHTTPSErrors': False, 'javaScriptEnabled': True, 'offline': False, 'reducedMotion': 'no-preference', 'serviceWorkers': 'allow', 'viewport': {'width': 1920, 'height': 1080}}</msg>
<arg>viewport={'width': 1920, 'height': 1080}</arg>
<tag>BrowserControl</tag>
<tag>Setter</tag>
<doc>Create a new BrowserContext with specified options.</doc>
<status status="PASS" start="2026-05-26T08:41:16.857292" elapsed="0.154582"/>
</kw>
<kw name="New Page" owner="Browser">
<msg time="2026-05-26T08:41:18.736311" level="INFO">Successfully initialized new page object and opened url: https://apex-test.civ.zcu.cz/ords/f?p=100000:1</msg>
<arg>url=${URL_APLIKACE}</arg>
<tag>BrowserControl</tag>
<tag>Setter</tag>
<doc>Open a new Page.</doc>
<status status="PASS" start="2026-05-26T08:41:17.011874" elapsed="1.724437"/>
</kw>
<status status="PASS" start="2026-05-26T08:41:15.254310" elapsed="3.482001"/>
</kw>
<kw name="Pokud připravím kurz s volnou kapacitou" owner="databaze_klicova_slova">
<kw name="Připoj se k databázi" owner="databaze_klicova_slova">
<kw name="Connect To Database" owner="DatabaseLibrary">
<msg time="2026-05-26T08:41:18.740532" level="INFO">Looking for configuration file: 'resources\db.cfg'</msg>
<msg time="2026-05-26T08:41:18.740532" level="INFO">Configuration file doesn't exist</msg>
<msg time="2026-05-26T08:41:18.851930" level="INFO">Using thin Oracle client mode</msg>
<msg time="2026-05-26T08:41:18.851930" level="INFO">Connect to DB using : oracledb.connect(user=***, password=***, params=ConnectParams(user=None, proxy_user=None, host='147.228.51.30', port=6521, protocol='tcp', https_proxy=None, https_proxy_port=0, service_name='FREEPDB1', instance_name=None, sid=None, server_type=None, cclass=None, purity=&lt;Purity.DEFAULT: 0&gt;, expire_time=0, retry_count=0, retry_delay=1, tcp_connect_timeout=20.0, ssl_server_dn_match=True, ssl_server_cert_dn=None, wallet_location=None, events=False, externalauth=False, mode=&lt;AuthMode.DEFAULT: 0&gt;, disable_oob=False, stmtcachesize=20, edition=None, tag=None, matchanytag=False, config_dir=None, appcontext=None, shardingkey=None, supershardingkey=None, debug_jdwp=None, connection_id_prefix=None, ssl_context=None, sdu=8192, pool_boundary=None, use_tcp_fast_open=False, ssl_version=None, program='C:\\Program?Files\\Python311\\python.exe', machine='UI505BP05-LPS', terminal='unknown', osuser='iotkurz1', driver_name=None, use_sni=False, thick_mode_dsn_passthrough=True, extra_auth_params=None, pool_name=None, on_connect_callback=None))</msg>
<arg>db_module=oracledb</arg>
<arg>db_name=FREEPDB1</arg>
<arg>db_user=test_ws</arg>
<arg>db_password=test_ws</arg>
<arg>db_host=147.228.51.30</arg>
<arg>db_port=6521</arg>
<doc>Creates a database connection using the DB API 2.0 ``db_module`` and the parameters provided.
Along with listed commonly used arguments (`db_name`, `db_host` etc.)
you can set any other DB module specific parameters as key/value pairs.</doc>
<status status="PASS" start="2026-05-26T08:41:18.740532" elapsed="0.159030"/>
</kw>
<status status="PASS" start="2026-05-26T08:41:18.740532" elapsed="0.159030"/>
</kw>
<kw name="Execute Sql Script" owner="DatabaseLibrary">
<msg time="2026-05-26T08:41:18.899562" level="INFO">Splitting SQL into statements. Using external parser: False</msg>
<msg time="2026-05-26T08:41:18.899562" level="INFO" html="true">Executing sql:&lt;br&gt;&lt;code style="font-weight: bold;"&gt;INSERT INTO UTS_KURZY (nazev, kapacita, konec_registrace) VALUES ('AUTO_TEST_VOLNY', 10, SYSDATE + 5)&lt;/code&gt;</msg>
<msg time="2026-05-26T08:41:18.907442" level="INFO" html="true">Executing sql:&lt;br&gt;&lt;code style="font-weight: bold;"&gt;COMMIT&lt;/code&gt;</msg>
<msg time="2026-05-26T08:41:18.907442" level="INFO">Commit the transaction</msg>
<arg>D:\\USERS\\iotkurz1\\Downloads\\slozka\\apex_app\\apex-test-flow\\resources/../db/setup/kurz_pred_deadlinem.sql</arg>
<doc>Executes the content of the SQL script file loaded from `script_path` as SQL commands.</doc>
<status status="PASS" start="2026-05-26T08:41:18.899562" elapsed="0.007880"/>
</kw>
<kw name="Query" owner="DatabaseLibrary">
<msg time="2026-05-26T08:41:18.907442" level="INFO" html="true">Executing sql:&lt;br&gt;&lt;code style="font-weight: bold;"&gt;SELECT count(*) FROM UTS_KURZY WHERE nazev = 'AUTO_TEST_VOLNY'&lt;/code&gt;</msg>
<msg time="2026-05-26T08:41:18.907442" level="INFO">Commit the transaction</msg>
<msg time="2026-05-26T08:41:18.907442" level="INFO" html="true">&lt;div style="max-width: 100%; overflow-x: auto; max-height: 500px; overflow-y: auto;"&gt;&lt;table style="width: auto; border-collapse: collapse; border: 2px solid rgb(140 140 140)"&gt;&lt;caption style="text-align: left; font-weight: bold; padding: 5px;"&gt;Query returned 1 rows&lt;/caption&gt;&lt;tr&gt;&lt;th scope="col" style="position: sticky; top: 0; color:black; background-color: #d6ecd4; border: 1px solid rgb(160 160 160);padding: 8px 10px;text-align: center;"&gt;Row&lt;/th&gt;&lt;th scope="col" style="position: sticky; top: 0; background-color: #505050; color: #fff;border: 1px solid rgb(160 160 160);padding: 8px 10px;text-align: center;"&gt;COUNT(*)&lt;/th&gt;&lt;/tr&gt;&lt;tr style="background-color: var(--secondary-color, #eee)"&gt;&lt;th scope="row" style="color:black; background-color: #d6ecd4;border: 1px solid rgb(160 160 160);padding: 8px 10px;text-align: center;"&gt;0&lt;/th&gt;&lt;td style="border: 1px solid rgb(160 160 160);padding: 8px 10px;text-align: center;"&gt;1&lt;/td&gt;&lt;/tr&gt;&lt;/table&gt;&lt;/div&gt;</msg>
<msg time="2026-05-26T08:41:18.907442" level="INFO">${count} = [(1,)]</msg>
<var>${count}</var>
<arg>SELECT count(*) FROM UTS_KURZY WHERE nazev = 'AUTO_TEST_VOLNY'</arg>
<doc>Runs a query with the ``select_statement`` and returns the result as list of rows.
The type of row values depends on the database module -
usually they are tuples or tuple-like objects.</doc>
<status status="PASS" start="2026-05-26T08:41:18.907442" elapsed="0.000000"/>
</kw>
<kw name="Log To Console" owner="BuiltIn">
<arg>\n[DB SETUP] Připraven kurz: AUTO_TEST_VOLNY (nalezeno ${count[0][0]}x)</arg>
<doc>Logs the given message to the console.</doc>
<status status="PASS" start="2026-05-26T08:41:18.907442" elapsed="0.000000"/>
</kw>
<kw name="Odpoji se od databáze" owner="databaze_klicova_slova">
<kw name="Disconnect From Database" owner="DatabaseLibrary">
<doc>Disconnects from the database.</doc>
<status status="PASS" start="2026-05-26T08:41:18.907442" elapsed="0.000000"/>
</kw>
<status status="PASS" start="2026-05-26T08:41:18.907442" elapsed="0.000000"/>
</kw>
<status status="PASS" start="2026-05-26T08:41:18.740532" elapsed="0.166910"/>
</kw>
<kw name="Když se přihlásím jako &quot;admin&quot;" owner="prihlaseni_klicova_slova" source_name="Když se přihlásím jako &quot;${role}&quot;">
<kw name="se přihlásím jako &quot;${role}&quot;" owner="prihlaseni_klicova_slova" source_name="se přihlásím jako &quot;${role}&quot;">
<kw name="Set Variable" owner="BuiltIn">
<msg time="2026-05-26T08:41:18.915429" level="INFO">${uzivatel} = {'jmeno': 'datprx', 'heslo': 'datprx_012026'}</msg>
<var>${uzivatel}</var>
<arg>${UZIVATELE['${role}']}</arg>
<doc>Returns the given values which can then be assigned to a variables.</doc>
<status status="PASS" start="2026-05-26T08:41:18.915429" elapsed="0.000000"/>
</kw>
<kw name="Fill Text" owner="Browser">
<msg time="2026-05-26T08:41:18.915429" level="INFO">Fills the text 'datprx' in the given field.</msg>
<arg>id=username</arg>
<arg>${uzivatel['jmeno']}</arg>
<tag>PageContent</tag>
<tag>Setter</tag>
<doc>Clears and fills the given ``txt`` into the text field found by ``selector``.</doc>
<status status="PASS" start="2026-05-26T08:41:18.915429" elapsed="0.031853"/>
</kw>
<kw name="Fill Text" owner="Browser">
<msg time="2026-05-26T08:41:18.947282" level="INFO">Fills the text 'datprx_012026' in the given field.</msg>
<arg>id=password</arg>
<arg>${uzivatel['heslo']}</arg>
<tag>PageContent</tag>
<tag>Setter</tag>
<doc>Clears and fills the given ``txt`` into the text field found by ``selector``.</doc>
<status status="PASS" start="2026-05-26T08:41:18.947282" elapsed="0.031326"/>
</kw>
<kw name="Click" owner="Browser">
<msg time="2026-05-26T08:41:18.980587" level="INFO">Clicks the element '[name="_eventId_proceed"]'.</msg>
<arg>[name="_eventId_proceed"]</arg>
<tag>PageContent</tag>
<tag>Setter</tag>
<doc>Simulates mouse click on the element found by ``selector``.</doc>
<status status="PASS" start="2026-05-26T08:41:18.978608" elapsed="0.477863"/>
</kw>
<status status="PASS" start="2026-05-26T08:41:18.915429" elapsed="0.541042"/>
</kw>
<status status="PASS" start="2026-05-26T08:41:18.915429" elapsed="0.541042"/>
</kw>
<kw name="A zároveň kliknu na položku v menu &quot;Dostupné formuláře&quot;" owner="spolecne" source_name="A zároveň kliknu na položku v menu &quot;${nazev_polozky}&quot;">
<kw name="Když kliknu na položku v menu &quot;${nazev_polozky}&quot;" owner="spolecne" source_name="Když kliknu na položku v menu &quot;${nazev_polozky}&quot;">
<kw name="Když kliknu na Menu" owner="spolecne">
<kw name="Get Element Count" owner="Browser">
<msg time="2026-05-26T08:41:19.498782" level="INFO">${is_collapsed} = 1</msg>
<var>${is_collapsed}</var>
<arg>css=body.t-PageBody--hideLeft</arg>
<tag>Assertion</tag>
<tag>Getter</tag>
<tag>PageContent</tag>
<doc>Returns the count of elements found with ``selector``.</doc>
<status status="PASS" start="2026-05-26T08:41:19.459712" elapsed="0.039070"/>
</kw>
<if>
<branch type="IF" condition="${is_collapsed} &gt; 0">
<kw name="Click" owner="Browser">
<msg time="2026-05-26T08:41:19.499785" level="INFO">Clicks the element 'id=t_Button_navControl'.</msg>
<arg>id=t_Button_navControl</arg>
<tag>PageContent</tag>
<tag>Setter</tag>
<doc>Simulates mouse click on the element found by ``selector``.</doc>
<status status="PASS" start="2026-05-26T08:41:19.498782" elapsed="0.153763"/>
</kw>
<status status="PASS" start="2026-05-26T08:41:19.498782" elapsed="0.153763"/>
</branch>
<status status="PASS" start="2026-05-26T08:41:19.498782" elapsed="0.153763"/>
</if>
<kw name="Wait For Elements State" owner="Browser">
<msg time="2026-05-26T08:41:19.692055" level="INFO">Waited for Element with selector id=t_TreeNav at state visible</msg>
<arg>id=t_TreeNav</arg>
<arg>visible</arg>
<arg>timeout=5s</arg>
<tag>PageContent</tag>
<tag>Wait</tag>
<doc>Waits for the element found by ``selector`` to satisfy state option.</doc>
<status status="PASS" start="2026-05-26T08:41:19.652545" elapsed="0.040512"/>
</kw>
<status status="PASS" start="2026-05-26T08:41:19.456471" elapsed="0.236586"/>
</kw>
<kw name="Set Variable" owner="BuiltIn">
<msg time="2026-05-26T08:41:19.693563" level="INFO">${selector} = xpath=//*[@id="t_TreeNav"]//*[contains(text(), "Dostupné formuláře")]</msg>
<var>${selector}</var>
<arg>xpath=//*[@id="t_TreeNav"]//*[contains(text(), "${nazev_polozky}")]</arg>
<doc>Returns the given values which can then be assigned to a variables.</doc>
<status status="PASS" start="2026-05-26T08:41:19.693057" elapsed="0.000506"/>
</kw>
<kw name="Wait For Elements State" owner="Browser">
<msg time="2026-05-26T08:41:19.699569" level="INFO">Waited for Element with selector xpath=//*[@id="t_TreeNav"]//*[contains(text(), "Dostupné formuláře")] at state visible</msg>
<arg>${selector}</arg>
<arg>visible</arg>
<arg>timeout=10s</arg>
<tag>PageContent</tag>
<tag>Wait</tag>
<doc>Waits for the element found by ``selector`` to satisfy state option.</doc>
<status status="PASS" start="2026-05-26T08:41:19.693563" elapsed="0.007007"/>
</kw>
<kw name="Click" owner="Browser">
<msg time="2026-05-26T08:41:19.700570" level="INFO">Clicks the element 'xpath=//*[@id="t_TreeNav"]//*[contains(text(), "Dostupné formuláře")]'.</msg>
<arg>${selector}</arg>
<tag>PageContent</tag>
<tag>Setter</tag>
<doc>Simulates mouse click on the element found by ``selector``.</doc>
<status status="PASS" start="2026-05-26T08:41:19.700570" elapsed="0.167901"/>
</kw>
<status status="PASS" start="2026-05-26T08:41:19.456471" elapsed="0.412000"/>
</kw>
<status status="PASS" start="2026-05-26T08:41:19.456471" elapsed="0.412000"/>
</kw>
<kw name="A zároveň kliknu na media list title" owner="spolecne">
<kw name="Klikni na media list title" owner="spolecne">
<kw name="Set Variable" owner="BuiltIn">
<msg time="2026-05-26T08:41:19.871475" level="INFO">${selector} = css=.t-MediaList-title:has-text("UTS - přihláška na kurz")</msg>
<var>${selector}</var>
<arg>css=.t-MediaList-title:has-text("${jmeno}")</arg>
<doc>Returns the given values which can then be assigned to a variables.</doc>
<status status="PASS" start="2026-05-26T08:41:19.870471" elapsed="0.001004"/>
</kw>
<kw name="Wait For Elements State" owner="Browser">
<msg time="2026-05-26T08:41:19.946587" level="INFO">Waited for Element with selector css=.t-MediaList-title:has-text("UTS - přihláška na kurz") at state visible</msg>
<arg>${selector}</arg>
<arg>visible</arg>
<tag>PageContent</tag>
<tag>Wait</tag>
<doc>Waits for the element found by ``selector`` to satisfy state option.</doc>
<status status="PASS" start="2026-05-26T08:41:19.871475" elapsed="0.075112"/>
</kw>
<kw name="Click" owner="Browser">
<msg time="2026-05-26T08:41:19.946587" level="INFO">Clicks the element 'css=.t-MediaList-title:has-text("UTS - přihláška na kurz")'.</msg>
<arg>${selector}</arg>
<tag>PageContent</tag>
<tag>Setter</tag>
<doc>Simulates mouse click on the element found by ``selector``.</doc>
<status status="PASS" start="2026-05-26T08:41:19.946587" elapsed="0.252174"/>
</kw>
<arg>${jmeno}</arg>
<status status="PASS" start="2026-05-26T08:41:19.870471" elapsed="0.328290"/>
</kw>
<arg>UTS - přihláška na kurz</arg>
<status status="PASS" start="2026-05-26T08:41:19.869470" elapsed="0.329291"/>
</kw>
<kw name="A zároveň Přihlásím se do kurzu" owner="formular_klicova_slova">
<kw name="Wait For Elements State" owner="Browser">
<msg time="2026-05-26T08:41:20.252003" level="INFO">Waited for Element with selector text="Chci se přihlásit na kurz" at state visible</msg>
<arg>text="Chci se přihlásit na kurz"</arg>
<arg>visible</arg>
<arg>timeout=5s</arg>
<tag>PageContent</tag>
<tag>Wait</tag>
<doc>Waits for the element found by ``selector`` to satisfy state option.</doc>
<status status="PASS" start="2026-05-26T08:41:20.199758" elapsed="0.052245"/>
</kw>
<kw name="Select Options By" owner="Browser">
<msg time="2026-05-26T08:41:20.253004" level="INFO">Selects the option(s) AUTO_TEST_VOLNY by attribute SelectAttribute.label from element xpath=//select[preceding::label[contains(text(), "Chci se přihlásit na kurz")]].</msg>
<arg>xpath=//select[preceding::label[contains(text(), "Chci se přihlásit na kurz")]]</arg>
<arg>text</arg>
<arg>${kurz}</arg>
<tag>PageContent</tag>
<tag>Setter</tag>
<doc>Selects options from select element found by ``selector``.</doc>
<status status="PASS" start="2026-05-26T08:41:20.252003" elapsed="0.057047"/>
</kw>
<kw name="Click" owner="Browser">
<msg time="2026-05-26T08:41:20.310048" level="INFO">Clicks the element 'xpath=//div[contains(@class, "t-Form-fieldContainer") and .//label[contains(text(), "zveřejněním jména")]]//span[contains(@class, "a-Switch-toggle")]'.</msg>
<arg>xpath=//div[contains(@class, "t-Form-fieldContainer") and .//label[contains(text(), "zveřejněním jména")]]//span[contains(@class, "a-Switch-toggle")]</arg>
<tag>PageContent</tag>
<tag>Setter</tag>
<doc>Simulates mouse click on the element found by ``selector``.</doc>
<status status="PASS" start="2026-05-26T08:41:20.309050" elapsed="0.141855"/>
</kw>
<kw name="Click" owner="Browser">
<msg time="2026-05-26T08:41:20.451901" level="INFO">Clicks the element 'xpath=//div[contains(@class, "t-Form-fieldContainer") and .//label[contains(text(), "poučení o zpracování")]]//span[contains(@class, "a-Switch-toggle")]'.</msg>
<arg>xpath=//div[contains(@class, "t-Form-fieldContainer") and .//label[contains(text(), "poučení o zpracování")]]//span[contains(@class, "a-Switch-toggle")]</arg>
<tag>PageContent</tag>
<tag>Setter</tag>
<doc>Simulates mouse click on the element found by ``selector``.</doc>
<status status="PASS" start="2026-05-26T08:41:20.450905" elapsed="0.098681"/>
</kw>
<kw name="Click" owner="Browser">
<msg time="2026-05-26T08:41:20.550091" level="INFO">Clicks the element 'xpath=//div[contains(@class, "t-Form-fieldContainer") and .//label[contains(text(), "smluvní podmínky")]]//span[contains(@class, "a-Switch-toggle")]'.</msg>
<arg>xpath=//div[contains(@class, "t-Form-fieldContainer") and .//label[contains(text(), "smluvní podmínky")]]//span[contains(@class, "a-Switch-toggle")]</arg>
<tag>PageContent</tag>
<tag>Setter</tag>
<doc>Simulates mouse click on the element found by ``selector``.</doc>
<status status="PASS" start="2026-05-26T08:41:20.549586" elapsed="0.098280"/>
</kw>
<kw name="Click" owner="Browser">
<msg time="2026-05-26T08:41:20.648897" level="INFO">Clicks the element 'xpath=//label[contains(text(), "Jsem externí účastník")]'.</msg>
<arg>xpath=//label[contains(text(), "Jsem externí účastník")]</arg>
<tag>PageContent</tag>
<tag>Setter</tag>
<doc>Simulates mouse click on the element found by ``selector``.</doc>
<status status="PASS" start="2026-05-26T08:41:20.647866" elapsed="0.102409"/>
</kw>
<kw name="Click" owner="Browser">
<msg time="2026-05-26T08:41:20.751315" level="INFO">Clicks the element 'button:has-text("Přihlásit")'.</msg>
<arg>button:has-text("Přihlásit")</arg>
<tag>PageContent</tag>
<tag>Setter</tag>
<doc>Simulates mouse click on the element found by ``selector``.</doc>
<status status="PASS" start="2026-05-26T08:41:20.750275" elapsed="0.126589"/>
</kw>
<kw name="Wait For Elements State" owner="Browser">
<msg time="2026-05-26T08:41:21.059479" level="INFO">Waited for Element with selector .t-Alert--success at state visible</msg>
<arg>.t-Alert--success</arg>
<arg>visible</arg>
<arg>timeout=5s</arg>
<tag>PageContent</tag>
<tag>Wait</tag>
<doc>Waits for the element found by ``selector`` to satisfy state option.</doc>
<status status="PASS" start="2026-05-26T08:41:20.876864" elapsed="0.183616"/>
</kw>
<kw name="Get Text" owner="Browser">
<msg time="2026-05-26T08:41:21.100996" level="INFO">Text: 'Přihláška přijata'</msg>
<msg time="2026-05-26T08:41:21.100996" level="INFO">${msg} = Přihláška přijata</msg>
<var>${msg}</var>
<arg>.t-Alert-content</arg>
<tag>Assertion</tag>
<tag>Getter</tag>
<tag>PageContent</tag>
<doc>Returns text attribute of the element found by ``selector``.</doc>
<status status="PASS" start="2026-05-26T08:41:21.060480" elapsed="0.040516"/>
</kw>
<kw name="Log To Console" owner="BuiltIn">
<arg>\n[APEX] Zobrazená hláška: ${msg}</arg>
<doc>Logs the given message to the console.</doc>
<status status="PASS" start="2026-05-26T08:41:21.100996" elapsed="0.001000"/>
</kw>
<arg>AUTO_TEST_VOLNY</arg>
<status status="PASS" start="2026-05-26T08:41:20.199758" elapsed="0.902238"/>
</kw>
<kw name="Odstraň testovací data" owner="databaze_klicova_slova" type="TEARDOWN">
<kw name="Připoj se k databázi" owner="databaze_klicova_slova">
<kw name="Connect To Database" owner="DatabaseLibrary">
<msg time="2026-05-26T08:41:21.103026" level="INFO">Looking for configuration file: 'resources\db.cfg'</msg>
<msg time="2026-05-26T08:41:21.103026" level="INFO">Configuration file doesn't exist</msg>
<msg time="2026-05-26T08:41:21.103026" level="INFO">Using thin Oracle client mode</msg>
<msg time="2026-05-26T08:41:21.103026" level="INFO">Connect to DB using : oracledb.connect(user=***, password=***, params=ConnectParams(user=None, proxy_user=None, host='147.228.51.30', port=6521, protocol='tcp', https_proxy=None, https_proxy_port=0, service_name='FREEPDB1', instance_name=None, sid=None, server_type=None, cclass=None, purity=&lt;Purity.DEFAULT: 0&gt;, expire_time=0, retry_count=0, retry_delay=1, tcp_connect_timeout=20.0, ssl_server_dn_match=True, ssl_server_cert_dn=None, wallet_location=None, events=False, externalauth=False, mode=&lt;AuthMode.DEFAULT: 0&gt;, disable_oob=False, stmtcachesize=20, edition=None, tag=None, matchanytag=False, config_dir=None, appcontext=None, shardingkey=None, supershardingkey=None, debug_jdwp=None, connection_id_prefix=None, ssl_context=None, sdu=8192, pool_boundary=None, use_tcp_fast_open=False, ssl_version=None, program='C:\\Program?Files\\Python311\\python.exe', machine='UI505BP05-LPS', terminal='unknown', osuser='iotkurz1', driver_name=None, use_sni=False, thick_mode_dsn_passthrough=True, extra_auth_params=None, pool_name=None, on_connect_callback=None))</msg>
<arg>db_module=oracledb</arg>
<arg>db_name=FREEPDB1</arg>
<arg>db_user=test_ws</arg>
<arg>db_password=test_ws</arg>
<arg>db_host=147.228.51.30</arg>
<arg>db_port=6521</arg>
<doc>Creates a database connection using the DB API 2.0 ``db_module`` and the parameters provided.
Along with listed commonly used arguments (`db_name`, `db_host` etc.)
you can set any other DB module specific parameters as key/value pairs.</doc>
<status status="PASS" start="2026-05-26T08:41:21.103026" elapsed="0.051339"/>
</kw>
<status status="PASS" start="2026-05-26T08:41:21.101996" elapsed="0.052369"/>
</kw>
<kw name="Execute Sql Script" owner="DatabaseLibrary">
<msg time="2026-05-26T08:41:21.155365" level="INFO">Splitting SQL into statements. Using external parser: False</msg>
<msg time="2026-05-26T08:41:21.155365" level="INFO" html="true">Executing sql:&lt;br&gt;&lt;code style="font-weight: bold;"&gt;DELETE FROM UTS_PRIHLASKY&lt;/code&gt;</msg>
<msg time="2026-05-26T08:41:21.160363" level="INFO" html="true">Executing sql:&lt;br&gt;&lt;code style="font-weight: bold;"&gt;DELETE FROM UTS_KURZY WHERE nazev LIKE 'AUTO_TEST_%'&lt;/code&gt;</msg>
<msg time="2026-05-26T08:41:21.161365" level="INFO" html="true">Executing sql:&lt;br&gt;&lt;code style="font-weight: bold;"&gt;COMMIT&lt;/code&gt;</msg>
<msg time="2026-05-26T08:41:21.163394" level="INFO">Commit the transaction</msg>
<arg>D:\\USERS\\iotkurz1\\Downloads\\slozka\\apex_app\\apex-test-flow\\resources/../db/teardown/uklid_testovacich_dat.sql</arg>
<doc>Executes the content of the SQL script file loaded from `script_path` as SQL commands.</doc>
<status status="PASS" start="2026-05-26T08:41:21.154365" elapsed="0.009029"/>
</kw>
<kw name="Odpoji se od databáze" owner="databaze_klicova_slova">
<kw name="Disconnect From Database" owner="DatabaseLibrary">
<doc>Disconnects from the database.</doc>
<status status="PASS" start="2026-05-26T08:41:21.164396" elapsed="0.001969"/>
</kw>
<status status="PASS" start="2026-05-26T08:41:21.164396" elapsed="0.001969"/>
</kw>
<status status="PASS" start="2026-05-26T08:41:21.101996" elapsed="0.064369"/>
</kw>
<msg time="2026-05-26T08:41:21.189376" level="INFO">Switching context to context=15285549-9a1a-409f-9222-b919ff453211 in CURRENT</msg>
<msg time="2026-05-26T08:41:21.196375" level="INFO">Successfully changed active context: context=15285549-9a1a-409f-9222-b919ff453211</msg>
<msg time="2026-05-26T08:41:21.218818" level="INFO">Successfully closed Context</msg>
<status status="PASS" start="2026-05-26T08:41:15.239347" elapsed="5.927018"/>
</test>
<test id="s1-t2" name="Student je po překročení deadlinu přihlášen jako náhradník" line="19">
<kw name="Otevři prohlížeč a aplikaci" owner="spolecne" type="SETUP">
<kw name="New Browser" owner="Browser">
<msg time="2026-05-26T08:41:21.225849" level="INFO">Switching browser to browser=2c925c65-d326-4c09-9f30-9df87826ef82</msg>
<msg time="2026-05-26T08:41:21.227820" level="INFO">Successfully changed active browser: browser=2c925c65-d326-4c09-9f30-9df87826ef82</msg>
<msg time="2026-05-26T08:41:21.227820" level="INFO">Reusing existing browser with id: browser=2c925c65-d326-4c09-9f30-9df87826ef82</msg>
<arg>browser=${PROHLIZEC}</arg>
<arg>headless=${HEADLESS}</arg>
<tag>BrowserControl</tag>
<tag>Setter</tag>
<doc>Create a new playwright Browser with specified options.</doc>
<status status="PASS" start="2026-05-26T08:41:21.224854" elapsed="0.002966"/>
</kw>
<kw name="New Context" owner="Browser">
<msg time="2026-05-26T08:41:21.231338" level="INFO">{
  "acceptDownloads": true,
  "bypassCSP": false,
  "forcedColors": "none",
  "ignoreHTTPSErrors": false,
  "javaScriptEnabled": true,
  "offline": false,
  "reducedMotion": "no-preference",
  "serviceWorkers": "allow",
  "viewport": {
    "width": 1920,
    "height": 1080
  }
}</msg>
<msg time="2026-05-26T08:41:21.248344" level="INFO">Successfully created context. </msg>
<msg time="2026-05-26T08:41:21.248344" level="INFO">{'acceptDownloads': True, 'bypassCSP': False, 'forcedColors': 'none', 'ignoreHTTPSErrors': False, 'javaScriptEnabled': True, 'offline': False, 'reducedMotion': 'no-preference', 'serviceWorkers': 'allow', 'viewport': {'width': 1920, 'height': 1080}}</msg>
<arg>viewport={'width': 1920, 'height': 1080}</arg>
<tag>BrowserControl</tag>
<tag>Setter</tag>
<doc>Create a new BrowserContext with specified options.</doc>
<status status="PASS" start="2026-05-26T08:41:21.228820" elapsed="0.019524"/>
</kw>
<kw name="New Page" owner="Browser">
<msg time="2026-05-26T08:41:21.792692" level="INFO">Successfully initialized new page object and opened url: https://apex-test.civ.zcu.cz/ords/f?p=100000:1</msg>
<arg>url=${URL_APLIKACE}</arg>
<tag>BrowserControl</tag>
<tag>Setter</tag>
<doc>Open a new Page.</doc>
<status status="PASS" start="2026-05-26T08:41:21.249343" elapsed="0.543349"/>
</kw>
<status status="PASS" start="2026-05-26T08:41:21.224854" elapsed="0.567838"/>
</kw>
<kw name="Pokud připravím kurz po deadlinu" owner="databaze_klicova_slova">
<kw name="Připoj se k databázi" owner="databaze_klicova_slova">
<kw name="Connect To Database" owner="DatabaseLibrary">
<msg time="2026-05-26T08:41:21.794695" level="INFO">Looking for configuration file: 'resources\db.cfg'</msg>
<msg time="2026-05-26T08:41:21.794695" level="INFO">Configuration file doesn't exist</msg>
<msg time="2026-05-26T08:41:21.794695" level="INFO">Using thin Oracle client mode</msg>
<msg time="2026-05-26T08:41:21.794695" level="INFO">Connect to DB using : oracledb.connect(user=***, password=***, params=ConnectParams(user=None, proxy_user=None, host='147.228.51.30', port=6521, protocol='tcp', https_proxy=None, https_proxy_port=0, service_name='FREEPDB1', instance_name=None, sid=None, server_type=None, cclass=None, purity=&lt;Purity.DEFAULT: 0&gt;, expire_time=0, retry_count=0, retry_delay=1, tcp_connect_timeout=20.0, ssl_server_dn_match=True, ssl_server_cert_dn=None, wallet_location=None, events=False, externalauth=False, mode=&lt;AuthMode.DEFAULT: 0&gt;, disable_oob=False, stmtcachesize=20, edition=None, tag=None, matchanytag=False, config_dir=None, appcontext=None, shardingkey=None, supershardingkey=None, debug_jdwp=None, connection_id_prefix=None, ssl_context=None, sdu=8192, pool_boundary=None, use_tcp_fast_open=False, ssl_version=None, program='C:\\Program?Files\\Python311\\python.exe', machine='UI505BP05-LPS', terminal='unknown', osuser='iotkurz1', driver_name=None, use_sni=False, thick_mode_dsn_passthrough=True, extra_auth_params=None, pool_name=None, on_connect_callback=None))</msg>
<arg>db_module=oracledb</arg>
<arg>db_name=FREEPDB1</arg>
<arg>db_user=test_ws</arg>
<arg>db_password=test_ws</arg>
<arg>db_host=147.228.51.30</arg>
<arg>db_port=6521</arg>
<doc>Creates a database connection using the DB API 2.0 ``db_module`` and the parameters provided.
Along with listed commonly used arguments (`db_name`, `db_host` etc.)
you can set any other DB module specific parameters as key/value pairs.</doc>
<status status="PASS" start="2026-05-26T08:41:21.793692" elapsed="0.061992"/>
</kw>
<status status="PASS" start="2026-05-26T08:41:21.793692" elapsed="0.061992"/>
</kw>
<kw name="Execute Sql Script" owner="DatabaseLibrary">
<msg time="2026-05-26T08:41:21.856692" level="INFO">Splitting SQL into statements. Using external parser: False</msg>
<msg time="2026-05-26T08:41:21.856692" level="INFO" html="true">Executing sql:&lt;br&gt;&lt;code style="font-weight: bold;"&gt;INSERT INTO UTS_KURZY (nazev, kapacita, konec_registrace) VALUES ('AUTO_TEST_PO_DEADLINU', 10, SYSDATE - 5)&lt;/code&gt;</msg>
<msg time="2026-05-26T08:41:21.858691" level="INFO" html="true">Executing sql:&lt;br&gt;&lt;code style="font-weight: bold;"&gt;COMMIT&lt;/code&gt;</msg>
<msg time="2026-05-26T08:41:21.860060" level="INFO">Commit the transaction</msg>
<arg>D:\\USERS\\iotkurz1\\Downloads\\slozka\\apex_app\\apex-test-flow\\resources/../db/setup/kurz_po_deadlinu.sql</arg>
<doc>Executes the content of the SQL script file loaded from `script_path` as SQL commands.</doc>
<status status="PASS" start="2026-05-26T08:41:21.855684" elapsed="0.004736"/>
</kw>
<kw name="Query" owner="DatabaseLibrary">
<msg time="2026-05-26T08:41:21.860420" level="INFO" html="true">Executing sql:&lt;br&gt;&lt;code style="font-weight: bold;"&gt;SELECT count(*) FROM UTS_KURZY WHERE nazev = 'AUTO_TEST_PO_DEADLINU'&lt;/code&gt;</msg>
<msg time="2026-05-26T08:41:21.861463" level="INFO">Commit the transaction</msg>
<msg time="2026-05-26T08:41:21.862428" level="INFO" html="true">&lt;div style="max-width: 100%; overflow-x: auto; max-height: 500px; overflow-y: auto;"&gt;&lt;table style="width: auto; border-collapse: collapse; border: 2px solid rgb(140 140 140)"&gt;&lt;caption style="text-align: left; font-weight: bold; padding: 5px;"&gt;Query returned 1 rows&lt;/caption&gt;&lt;tr&gt;&lt;th scope="col" style="position: sticky; top: 0; color:black; background-color: #d6ecd4; border: 1px solid rgb(160 160 160);padding: 8px 10px;text-align: center;"&gt;Row&lt;/th&gt;&lt;th scope="col" style="position: sticky; top: 0; background-color: #505050; color: #fff;border: 1px solid rgb(160 160 160);padding: 8px 10px;text-align: center;"&gt;COUNT(*)&lt;/th&gt;&lt;/tr&gt;&lt;tr style="background-color: var(--secondary-color, #eee)"&gt;&lt;th scope="row" style="color:black; background-color: #d6ecd4;border: 1px solid rgb(160 160 160);padding: 8px 10px;text-align: center;"&gt;0&lt;/th&gt;&lt;td style="border: 1px solid rgb(160 160 160);padding: 8px 10px;text-align: center;"&gt;1&lt;/td&gt;&lt;/tr&gt;&lt;/table&gt;&lt;/div&gt;</msg>
<msg time="2026-05-26T08:41:21.863462" level="INFO">${count} = [(1,)]</msg>
<var>${count}</var>
<arg>SELECT count(*) FROM UTS_KURZY WHERE nazev = 'AUTO_TEST_PO_DEADLINU'</arg>
<doc>Runs a query with the ``select_statement`` and returns the result as list of rows.
The type of row values depends on the database module -
usually they are tuples or tuple-like objects.</doc>
<status status="PASS" start="2026-05-26T08:41:21.860420" elapsed="0.003042"/>
</kw>
<kw name="Log To Console" owner="BuiltIn">
<arg>\n[DB SETUP] Připraven kurz: AUTO_TEST_PO_DEADLINU (nalezeno ${count[0][0]}x)</arg>
<doc>Logs the given message to the console.</doc>
<status status="PASS" start="2026-05-26T08:41:21.863462" elapsed="0.001003"/>
</kw>
<kw name="Odpoji se od databáze" owner="databaze_klicova_slova">
<kw name="Disconnect From Database" owner="DatabaseLibrary">
<doc>Disconnects from the database.</doc>
<status status="PASS" start="2026-05-26T08:41:21.864465" elapsed="0.001960"/>
</kw>
<status status="PASS" start="2026-05-26T08:41:21.864465" elapsed="0.001960"/>
</kw>
<status status="PASS" start="2026-05-26T08:41:21.792692" elapsed="0.073733"/>
</kw>
<kw name="Když se přihlásím jako &quot;admin&quot;" owner="prihlaseni_klicova_slova" source_name="Když se přihlásím jako &quot;${role}&quot;">
<kw name="se přihlásím jako &quot;${role}&quot;" owner="prihlaseni_klicova_slova" source_name="se přihlásím jako &quot;${role}&quot;">
<kw name="Set Variable" owner="BuiltIn">
<msg time="2026-05-26T08:41:21.868459" level="INFO">${uzivatel} = {'jmeno': 'datprx', 'heslo': 'datprx_012026'}</msg>
<var>${uzivatel}</var>
<arg>${UZIVATELE['${role}']}</arg>
<doc>Returns the given values which can then be assigned to a variables.</doc>
<status status="PASS" start="2026-05-26T08:41:21.867457" elapsed="0.001002"/>
</kw>
<kw name="Fill Text" owner="Browser">
<msg time="2026-05-26T08:41:21.869426" level="INFO">Fills the text 'datprx' in the given field.</msg>
<arg>id=username</arg>
<arg>${uzivatel['jmeno']}</arg>
<tag>PageContent</tag>
<tag>Setter</tag>
<doc>Clears and fills the given ``txt`` into the text field found by ``selector``.</doc>
<status status="PASS" start="2026-05-26T08:41:21.868459" elapsed="0.048478"/>
</kw>
<kw name="Fill Text" owner="Browser">
<msg time="2026-05-26T08:41:21.917961" level="INFO">Fills the text 'datprx_012026' in the given field.</msg>
<arg>id=password</arg>
<arg>${uzivatel['heslo']}</arg>
<tag>PageContent</tag>
<tag>Setter</tag>
<doc>Clears and fills the given ``txt`` into the text field found by ``selector``.</doc>
<status status="PASS" start="2026-05-26T08:41:21.916937" elapsed="0.017395"/>
</kw>
<kw name="Click" owner="Browser">
<msg time="2026-05-26T08:41:21.935338" level="INFO">Clicks the element '[name="_eventId_proceed"]'.</msg>
<arg>[name="_eventId_proceed"]</arg>
<tag>PageContent</tag>
<tag>Setter</tag>
<doc>Simulates mouse click on the element found by ``selector``.</doc>
<status status="PASS" start="2026-05-26T08:41:21.934332" elapsed="0.435426"/>
</kw>
<status status="PASS" start="2026-05-26T08:41:21.867457" elapsed="0.502301"/>
</kw>
<status status="PASS" start="2026-05-26T08:41:21.866425" elapsed="0.503333"/>
</kw>
<kw name="A zároveň kliknu na položku v menu &quot;Dostupné formuláře&quot;" owner="spolecne" source_name="A zároveň kliknu na položku v menu &quot;${nazev_polozky}&quot;">
<kw name="Když kliknu na položku v menu &quot;${nazev_polozky}&quot;" owner="spolecne" source_name="Když kliknu na položku v menu &quot;${nazev_polozky}&quot;">
<kw name="Když kliknu na Menu" owner="spolecne">
<kw name="Get Element Count" owner="Browser">
<msg time="2026-05-26T08:41:22.400813" level="INFO">${is_collapsed} = 1</msg>
<var>${is_collapsed}</var>
<arg>css=body.t-PageBody--hideLeft</arg>
<tag>Assertion</tag>
<tag>Getter</tag>
<tag>PageContent</tag>
<doc>Returns the count of elements found with ``selector``.</doc>
<status status="PASS" start="2026-05-26T08:41:22.371769" elapsed="0.029044"/>
</kw>
<if>
<branch type="IF" condition="${is_collapsed} &gt; 0">
<kw name="Click" owner="Browser">
<msg time="2026-05-26T08:41:22.401819" level="INFO">Clicks the element 'id=t_Button_navControl'.</msg>
<arg>id=t_Button_navControl</arg>
<tag>PageContent</tag>
<tag>Setter</tag>
<doc>Simulates mouse click on the element found by ``selector``.</doc>
<status status="PASS" start="2026-05-26T08:41:22.401819" elapsed="0.153689"/>
</kw>
<status status="PASS" start="2026-05-26T08:41:22.400813" elapsed="0.154695"/>
</branch>
<status status="PASS" start="2026-05-26T08:41:22.400813" elapsed="0.154695"/>
</if>
<kw name="Wait For Elements State" owner="Browser">
<msg time="2026-05-26T08:41:22.599973" level="INFO">Waited for Element with selector id=t_TreeNav at state visible</msg>
<arg>id=t_TreeNav</arg>
<arg>visible</arg>
<arg>timeout=5s</arg>
<tag>PageContent</tag>
<tag>Wait</tag>
<doc>Waits for the element found by ``selector`` to satisfy state option.</doc>
<status status="PASS" start="2026-05-26T08:41:22.556508" elapsed="0.043465"/>
</kw>
<status status="PASS" start="2026-05-26T08:41:22.370769" elapsed="0.229204"/>
</kw>
<kw name="Set Variable" owner="BuiltIn">
<msg time="2026-05-26T08:41:22.601011" level="INFO">${selector} = xpath=//*[@id="t_TreeNav"]//*[contains(text(), "Dostupné formuláře")]</msg>
<var>${selector}</var>
<arg>xpath=//*[@id="t_TreeNav"]//*[contains(text(), "${nazev_polozky}")]</arg>
<doc>Returns the given values which can then be assigned to a variables.</doc>
<status status="PASS" start="2026-05-26T08:41:22.601011" elapsed="0.000000"/>
</kw>
<kw name="Wait For Elements State" owner="Browser">
<msg time="2026-05-26T08:41:22.607230" level="INFO">Waited for Element with selector xpath=//*[@id="t_TreeNav"]//*[contains(text(), "Dostupné formuláře")] at state visible</msg>
<arg>${selector}</arg>
<arg>visible</arg>
<arg>timeout=10s</arg>
<tag>PageContent</tag>
<tag>Wait</tag>
<doc>Waits for the element found by ``selector`` to satisfy state option.</doc>
<status status="PASS" start="2026-05-26T08:41:22.601011" elapsed="0.006219"/>
</kw>
<kw name="Click" owner="Browser">
<msg time="2026-05-26T08:41:22.608263" level="INFO">Clicks the element 'xpath=//*[@id="t_TreeNav"]//*[contains(text(), "Dostupné formuláře")]'.</msg>
<arg>${selector}</arg>
<tag>PageContent</tag>
<tag>Setter</tag>
<doc>Simulates mouse click on the element found by ``selector``.</doc>
<status status="PASS" start="2026-05-26T08:41:22.607230" elapsed="0.201285"/>
</kw>
<status status="PASS" start="2026-05-26T08:41:22.370769" elapsed="0.437746"/>
</kw>
<status status="PASS" start="2026-05-26T08:41:22.369758" elapsed="0.438757"/>
</kw>
<kw name="A zároveň kliknu na media list title" owner="spolecne">
<kw name="Klikni na media list title" owner="spolecne">
<kw name="Set Variable" owner="BuiltIn">
<msg time="2026-05-26T08:41:22.810515" level="INFO">${selector} = css=.t-MediaList-title:has-text("UTS - přihláška na kurz")</msg>
<var>${selector}</var>
<arg>css=.t-MediaList-title:has-text("${jmeno}")</arg>
<doc>Returns the given values which can then be assigned to a variables.</doc>
<status status="PASS" start="2026-05-26T08:41:22.809515" elapsed="0.001000"/>
</kw>
<kw name="Wait For Elements State" owner="Browser">
<msg time="2026-05-26T08:41:22.881775" level="INFO">Waited for Element with selector css=.t-MediaList-title:has-text("UTS - přihláška na kurz") at state visible</msg>
<arg>${selector}</arg>
<arg>visible</arg>
<tag>PageContent</tag>
<tag>Wait</tag>
<doc>Waits for the element found by ``selector`` to satisfy state option.</doc>
<status status="PASS" start="2026-05-26T08:41:22.810515" elapsed="0.071260"/>
</kw>
<kw name="Click" owner="Browser">
<msg time="2026-05-26T08:41:22.881775" level="INFO">Clicks the element 'css=.t-MediaList-title:has-text("UTS - přihláška na kurz")'.</msg>
<arg>${selector}</arg>
<tag>PageContent</tag>
<tag>Setter</tag>
<doc>Simulates mouse click on the element found by ``selector``.</doc>
<status status="PASS" start="2026-05-26T08:41:22.881775" elapsed="0.238577"/>
</kw>
<arg>${jmeno}</arg>
<status status="PASS" start="2026-05-26T08:41:22.809515" elapsed="0.310837"/>
</kw>
<arg>UTS - přihláška na kurz</arg>
<status status="PASS" start="2026-05-26T08:41:22.808515" elapsed="0.311837"/>
</kw>
<kw name="A zároveň Přihlásím se do kurzu" owner="formular_klicova_slova">
<kw name="Wait For Elements State" owner="Browser">
<msg time="2026-05-26T08:41:23.172478" level="INFO">Waited for Element with selector text="Chci se přihlásit na kurz" at state visible</msg>
<arg>text="Chci se přihlásit na kurz"</arg>
<arg>visible</arg>
<arg>timeout=5s</arg>
<tag>PageContent</tag>
<tag>Wait</tag>
<doc>Waits for the element found by ``selector`` to satisfy state option.</doc>
<status status="PASS" start="2026-05-26T08:41:23.121352" elapsed="0.051126"/>
</kw>
<kw name="Select Options By" owner="Browser">
<msg time="2026-05-26T08:41:23.172478" level="INFO">Selects the option(s) AUTO_TEST_PO_DEADLINU by attribute SelectAttribute.label from element xpath=//select[preceding::label[contains(text(), "Chci se přihlásit na kurz")]].</msg>
<arg>xpath=//select[preceding::label[contains(text(), "Chci se přihlásit na kurz")]]</arg>
<arg>text</arg>
<arg>${kurz}</arg>
<tag>PageContent</tag>
<tag>Setter</tag>
<doc>Selects options from select element found by ``selector``.</doc>
<status status="PASS" start="2026-05-26T08:41:23.172478" elapsed="0.052187"/>
</kw>
<kw name="Click" owner="Browser">
<msg time="2026-05-26T08:41:23.225663" level="INFO">Clicks the element 'xpath=//div[contains(@class, "t-Form-fieldContainer") and .//label[contains(text(), "zveřejněním jména")]]//span[contains(@class, "a-Switch-toggle")]'.</msg>
<arg>xpath=//div[contains(@class, "t-Form-fieldContainer") and .//label[contains(text(), "zveřejněním jména")]]//span[contains(@class, "a-Switch-toggle")]</arg>
<tag>PageContent</tag>
<tag>Setter</tag>
<doc>Simulates mouse click on the element found by ``selector``.</doc>
<status status="PASS" start="2026-05-26T08:41:23.224665" elapsed="0.178692"/>
</kw>
<kw name="Click" owner="Browser">
<msg time="2026-05-26T08:41:23.403357" level="INFO">Clicks the element 'xpath=//div[contains(@class, "t-Form-fieldContainer") and .//label[contains(text(), "poučení o zpracování")]]//span[contains(@class, "a-Switch-toggle")]'.</msg>
<arg>xpath=//div[contains(@class, "t-Form-fieldContainer") and .//label[contains(text(), "poučení o zpracování")]]//span[contains(@class, "a-Switch-toggle")]</arg>
<tag>PageContent</tag>
<tag>Setter</tag>
<doc>Simulates mouse click on the element found by ``selector``.</doc>
<status status="PASS" start="2026-05-26T08:41:23.403357" elapsed="0.098337"/>
</kw>
<kw name="Click" owner="Browser">
<msg time="2026-05-26T08:41:23.502701" level="INFO">Clicks the element 'xpath=//div[contains(@class, "t-Form-fieldContainer") and .//label[contains(text(), "smluvní podmínky")]]//span[contains(@class, "a-Switch-toggle")]'.</msg>
<arg>xpath=//div[contains(@class, "t-Form-fieldContainer") and .//label[contains(text(), "smluvní podmínky")]]//span[contains(@class, "a-Switch-toggle")]</arg>
<tag>PageContent</tag>
<tag>Setter</tag>
<doc>Simulates mouse click on the element found by ``selector``.</doc>
<status status="PASS" start="2026-05-26T08:41:23.501694" elapsed="0.101810"/>
</kw>
<kw name="Click" owner="Browser">
<msg time="2026-05-26T08:41:23.604544" level="INFO">Clicks the element 'xpath=//label[contains(text(), "Jsem externí účastník")]'.</msg>
<arg>xpath=//label[contains(text(), "Jsem externí účastník")]</arg>
<tag>PageContent</tag>
<tag>Setter</tag>
<doc>Simulates mouse click on the element found by ``selector``.</doc>
<status status="PASS" start="2026-05-26T08:41:23.603504" elapsed="0.123351"/>
</kw>
<kw name="Click" owner="Browser">
<msg time="2026-05-26T08:41:23.727847" level="INFO">Clicks the element 'button:has-text("Přihlásit")'.</msg>
<arg>button:has-text("Přihlásit")</arg>
<tag>PageContent</tag>
<tag>Setter</tag>
<doc>Simulates mouse click on the element found by ``selector``.</doc>
<status status="PASS" start="2026-05-26T08:41:23.727847" elapsed="0.114552"/>
</kw>
<kw name="Wait For Elements State" owner="Browser">
<msg time="2026-05-26T08:41:24.019922" level="INFO">Waited for Element with selector .t-Alert--success at state visible</msg>
<arg>.t-Alert--success</arg>
<arg>visible</arg>
<arg>timeout=5s</arg>
<tag>PageContent</tag>
<tag>Wait</tag>
<doc>Waits for the element found by ``selector`` to satisfy state option.</doc>
<status status="PASS" start="2026-05-26T08:41:23.842399" elapsed="0.177523"/>
</kw>
<kw name="Get Text" owner="Browser">
<msg time="2026-05-26T08:41:24.054460" level="INFO">Text: 'Přihláška přijata'</msg>
<msg time="2026-05-26T08:41:24.054460" level="INFO">${msg} = Přihláška přijata</msg>
<var>${msg}</var>
<arg>.t-Alert-content</arg>
<tag>Assertion</tag>
<tag>Getter</tag>
<tag>PageContent</tag>
<doc>Returns text attribute of the element found by ``selector``.</doc>
<status status="PASS" start="2026-05-26T08:41:24.019922" elapsed="0.034538"/>
</kw>
<kw name="Log To Console" owner="BuiltIn">
<arg>\n[APEX] Zobrazená hláška: ${msg}</arg>
<doc>Logs the given message to the console.</doc>
<status status="PASS" start="2026-05-26T08:41:24.054460" elapsed="0.000999"/>
</kw>
<arg>AUTO_TEST_PO_DEADLINU</arg>
<status status="PASS" start="2026-05-26T08:41:23.120352" elapsed="0.935107"/>
</kw>
<kw name="Odstraň testovací data" owner="databaze_klicova_slova" type="TEARDOWN">
<kw name="Připoj se k databázi" owner="databaze_klicova_slova">
<kw name="Connect To Database" owner="DatabaseLibrary">
<msg time="2026-05-26T08:41:24.056459" level="INFO">Looking for configuration file: 'resources\db.cfg'</msg>
<msg time="2026-05-26T08:41:24.056459" level="INFO">Configuration file doesn't exist</msg>
<msg time="2026-05-26T08:41:24.056459" level="INFO">Using thin Oracle client mode</msg>
<msg time="2026-05-26T08:41:24.056459" level="INFO">Connect to DB using : oracledb.connect(user=***, password=***, params=ConnectParams(user=None, proxy_user=None, host='147.228.51.30', port=6521, protocol='tcp', https_proxy=None, https_proxy_port=0, service_name='FREEPDB1', instance_name=None, sid=None, server_type=None, cclass=None, purity=&lt;Purity.DEFAULT: 0&gt;, expire_time=0, retry_count=0, retry_delay=1, tcp_connect_timeout=20.0, ssl_server_dn_match=True, ssl_server_cert_dn=None, wallet_location=None, events=False, externalauth=False, mode=&lt;AuthMode.DEFAULT: 0&gt;, disable_oob=False, stmtcachesize=20, edition=None, tag=None, matchanytag=False, config_dir=None, appcontext=None, shardingkey=None, supershardingkey=None, debug_jdwp=None, connection_id_prefix=None, ssl_context=None, sdu=8192, pool_boundary=None, use_tcp_fast_open=False, ssl_version=None, program='C:\\Program?Files\\Python311\\python.exe', machine='UI505BP05-LPS', terminal='unknown', osuser='iotkurz1', driver_name=None, use_sni=False, thick_mode_dsn_passthrough=True, extra_auth_params=None, pool_name=None, on_connect_callback=None))</msg>
<arg>db_module=oracledb</arg>
<arg>db_name=FREEPDB1</arg>
<arg>db_user=test_ws</arg>
<arg>db_password=test_ws</arg>
<arg>db_host=147.228.51.30</arg>
<arg>db_port=6521</arg>
<doc>Creates a database connection using the DB API 2.0 ``db_module`` and the parameters provided.
Along with listed commonly used arguments (`db_name`, `db_host` etc.)
you can set any other DB module specific parameters as key/value pairs.</doc>
<status status="PASS" start="2026-05-26T08:41:24.056459" elapsed="0.058039"/>
</kw>
<status status="PASS" start="2026-05-26T08:41:24.055459" elapsed="0.059039"/>
</kw>
<kw name="Execute Sql Script" owner="DatabaseLibrary">
<msg time="2026-05-26T08:41:24.115504" level="INFO">Splitting SQL into statements. Using external parser: False</msg>
<msg time="2026-05-26T08:41:24.115504" level="INFO" html="true">Executing sql:&lt;br&gt;&lt;code style="font-weight: bold;"&gt;DELETE FROM UTS_PRIHLASKY&lt;/code&gt;</msg>
<msg time="2026-05-26T08:41:24.121499" level="INFO" html="true">Executing sql:&lt;br&gt;&lt;code style="font-weight: bold;"&gt;DELETE FROM UTS_KURZY WHERE nazev LIKE 'AUTO_TEST_%'&lt;/code&gt;</msg>
<msg time="2026-05-26T08:41:24.122498" level="INFO" html="true">Executing sql:&lt;br&gt;&lt;code style="font-weight: bold;"&gt;COMMIT&lt;/code&gt;</msg>
<msg time="2026-05-26T08:41:24.124498" level="INFO">Commit the transaction</msg>
<arg>D:\\USERS\\iotkurz1\\Downloads\\slozka\\apex_app\\apex-test-flow\\resources/../db/teardown/uklid_testovacich_dat.sql</arg>
<doc>Executes the content of the SQL script file loaded from `script_path` as SQL commands.</doc>
<status status="PASS" start="2026-05-26T08:41:24.114498" elapsed="0.011035"/>
</kw>
<kw name="Odpoji se od databáze" owner="databaze_klicova_slova">
<kw name="Disconnect From Database" owner="DatabaseLibrary">
<doc>Disconnects from the database.</doc>
<status status="PASS" start="2026-05-26T08:41:24.126070" elapsed="0.001006"/>
</kw>
<status status="PASS" start="2026-05-26T08:41:24.125533" elapsed="0.001543"/>
</kw>
<status status="PASS" start="2026-05-26T08:41:24.055459" elapsed="0.071617"/>
</kw>
<msg time="2026-05-26T08:41:24.141226" level="INFO">Switching context to context=7b6bbe2e-c2bf-4608-99ea-5cb67a6b193a in CURRENT</msg>
<msg time="2026-05-26T08:41:24.144277" level="INFO">Successfully changed active context: context=7b6bbe2e-c2bf-4608-99ea-5cb67a6b193a</msg>
<msg time="2026-05-26T08:41:24.160321" level="INFO">Successfully closed Context</msg>
<status status="PASS" start="2026-05-26T08:41:21.219819" elapsed="2.907257"/>
</test>
<test id="s1-t3" name="Student je po naplnění kapacity kurzu přihlášen jako náhradník" line="29">
<kw name="Otevři prohlížeč a aplikaci" owner="spolecne" type="SETUP">
<kw name="New Browser" owner="Browser">
<msg time="2026-05-26T08:41:24.168854" level="INFO">Switching browser to browser=2c925c65-d326-4c09-9f30-9df87826ef82</msg>
<msg time="2026-05-26T08:41:24.170861" level="INFO">Successfully changed active browser: browser=2c925c65-d326-4c09-9f30-9df87826ef82</msg>
<msg time="2026-05-26T08:41:24.170861" level="INFO">Reusing existing browser with id: browser=2c925c65-d326-4c09-9f30-9df87826ef82</msg>
<arg>browser=${PROHLIZEC}</arg>
<arg>headless=${HEADLESS}</arg>
<tag>BrowserControl</tag>
<tag>Setter</tag>
<doc>Create a new playwright Browser with specified options.</doc>
<status status="PASS" start="2026-05-26T08:41:24.167316" elapsed="0.003545"/>
</kw>
<kw name="New Context" owner="Browser">
<msg time="2026-05-26T08:41:24.172865" level="INFO">{
  "acceptDownloads": true,
  "bypassCSP": false,
  "forcedColors": "none",
  "ignoreHTTPSErrors": false,
  "javaScriptEnabled": true,
  "offline": false,
  "reducedMotion": "no-preference",
  "serviceWorkers": "allow",
  "viewport": {
    "width": 1920,
    "height": 1080
  }
}</msg>
<msg time="2026-05-26T08:41:24.188862" level="INFO">Successfully created context. </msg>
<msg time="2026-05-26T08:41:24.189868" level="INFO">{'acceptDownloads': True, 'bypassCSP': False, 'forcedColors': 'none', 'ignoreHTTPSErrors': False, 'javaScriptEnabled': True, 'offline': False, 'reducedMotion': 'no-preference', 'serviceWorkers': 'allow', 'viewport': {'width': 1920, 'height': 1080}}</msg>
<arg>viewport={'width': 1920, 'height': 1080}</arg>
<tag>BrowserControl</tag>
<tag>Setter</tag>
<doc>Create a new BrowserContext with specified options.</doc>
<status status="PASS" start="2026-05-26T08:41:24.170861" elapsed="0.019007"/>
</kw>
<kw name="New Page" owner="Browser">
<msg time="2026-05-26T08:41:24.681563" level="INFO">Successfully initialized new page object and opened url: https://apex-test.civ.zcu.cz/ords/f?p=100000:1</msg>
<arg>url=${URL_APLIKACE}</arg>
<tag>BrowserControl</tag>
<tag>Setter</tag>
<doc>Open a new Page.</doc>
<status status="PASS" start="2026-05-26T08:41:24.189868" elapsed="0.491695"/>
</kw>
<status status="PASS" start="2026-05-26T08:41:24.167316" elapsed="0.514247"/>
</kw>
<kw name="Pokud připravím plně obsazený kurz" owner="databaze_klicova_slova">
<kw name="Připoj se k databázi" owner="databaze_klicova_slova">
<kw name="Connect To Database" owner="DatabaseLibrary">
<msg time="2026-05-26T08:41:24.683655" level="INFO">Looking for configuration file: 'resources\db.cfg'</msg>
<msg time="2026-05-26T08:41:24.683655" level="INFO">Configuration file doesn't exist</msg>
<msg time="2026-05-26T08:41:24.683655" level="INFO">Using thin Oracle client mode</msg>
<msg time="2026-05-26T08:41:24.683655" level="INFO">Connect to DB using : oracledb.connect(user=***, password=***, params=ConnectParams(user=None, proxy_user=None, host='147.228.51.30', port=6521, protocol='tcp', https_proxy=None, https_proxy_port=0, service_name='FREEPDB1', instance_name=None, sid=None, server_type=None, cclass=None, purity=&lt;Purity.DEFAULT: 0&gt;, expire_time=0, retry_count=0, retry_delay=1, tcp_connect_timeout=20.0, ssl_server_dn_match=True, ssl_server_cert_dn=None, wallet_location=None, events=False, externalauth=False, mode=&lt;AuthMode.DEFAULT: 0&gt;, disable_oob=False, stmtcachesize=20, edition=None, tag=None, matchanytag=False, config_dir=None, appcontext=None, shardingkey=None, supershardingkey=None, debug_jdwp=None, connection_id_prefix=None, ssl_context=None, sdu=8192, pool_boundary=None, use_tcp_fast_open=False, ssl_version=None, program='C:\\Program?Files\\Python311\\python.exe', machine='UI505BP05-LPS', terminal='unknown', osuser='iotkurz1', driver_name=None, use_sni=False, thick_mode_dsn_passthrough=True, extra_auth_params=None, pool_name=None, on_connect_callback=None))</msg>
<arg>db_module=oracledb</arg>
<arg>db_name=FREEPDB1</arg>
<arg>db_user=test_ws</arg>
<arg>db_password=test_ws</arg>
<arg>db_host=147.228.51.30</arg>
<arg>db_port=6521</arg>
<doc>Creates a database connection using the DB API 2.0 ``db_module`` and the parameters provided.
Along with listed commonly used arguments (`db_name`, `db_host` etc.)
you can set any other DB module specific parameters as key/value pairs.</doc>
<status status="PASS" start="2026-05-26T08:41:24.682658" elapsed="0.048592"/>
</kw>
<status status="PASS" start="2026-05-26T08:41:24.682658" elapsed="0.048592"/>
</kw>
<kw name="Execute Sql Script" owner="DatabaseLibrary">
<msg time="2026-05-26T08:41:24.732755" level="INFO">Splitting SQL into statements. Using external parser: False</msg>
<msg time="2026-05-26T08:41:24.732755" level="INFO" html="true">Executing sql:&lt;br&gt;&lt;code style="font-weight: bold;"&gt;INSERT INTO UTS_KURZY (nazev, kapacita, konec_registrace) VALUES ('AUTO_TEST_PLNY', 0, SYSDATE + 5)&lt;/code&gt;</msg>
<msg time="2026-05-26T08:41:24.734419" level="INFO" html="true">Executing sql:&lt;br&gt;&lt;code style="font-weight: bold;"&gt;COMMIT&lt;/code&gt;</msg>
<msg time="2026-05-26T08:41:24.735875" level="INFO">Commit the transaction</msg>
<arg>D:\\USERS\\iotkurz1\\Downloads\\slozka\\apex_app\\apex-test-flow\\resources/../db/setup/kurz_plny.sql</arg>
<doc>Executes the content of the SQL script file loaded from `script_path` as SQL commands.</doc>
<status status="PASS" start="2026-05-26T08:41:24.731250" elapsed="0.004879"/>
</kw>
<kw name="Query" owner="DatabaseLibrary">
<msg time="2026-05-26T08:41:24.737176" level="INFO" html="true">Executing sql:&lt;br&gt;&lt;code style="font-weight: bold;"&gt;SELECT count(*) FROM UTS_KURZY WHERE nazev = 'AUTO_TEST_PLNY'&lt;/code&gt;</msg>
<msg time="2026-05-26T08:41:24.738231" level="INFO">Commit the transaction</msg>
<msg time="2026-05-26T08:41:24.739137" level="INFO" html="true">&lt;div style="max-width: 100%; overflow-x: auto; max-height: 500px; overflow-y: auto;"&gt;&lt;table style="width: auto; border-collapse: collapse; border: 2px solid rgb(140 140 140)"&gt;&lt;caption style="text-align: left; font-weight: bold; padding: 5px;"&gt;Query returned 1 rows&lt;/caption&gt;&lt;tr&gt;&lt;th scope="col" style="position: sticky; top: 0; color:black; background-color: #d6ecd4; border: 1px solid rgb(160 160 160);padding: 8px 10px;text-align: center;"&gt;Row&lt;/th&gt;&lt;th scope="col" style="position: sticky; top: 0; background-color: #505050; color: #fff;border: 1px solid rgb(160 160 160);padding: 8px 10px;text-align: center;"&gt;COUNT(*)&lt;/th&gt;&lt;/tr&gt;&lt;tr style="background-color: var(--secondary-color, #eee)"&gt;&lt;th scope="row" style="color:black; background-color: #d6ecd4;border: 1px solid rgb(160 160 160);padding: 8px 10px;text-align: center;"&gt;0&lt;/th&gt;&lt;td style="border: 1px solid rgb(160 160 160);padding: 8px 10px;text-align: center;"&gt;1&lt;/td&gt;&lt;/tr&gt;&lt;/table&gt;&lt;/div&gt;</msg>
<msg time="2026-05-26T08:41:24.739137" level="INFO">${count} = [(1,)]</msg>
<var>${count}</var>
<arg>SELECT count(*) FROM UTS_KURZY WHERE nazev = 'AUTO_TEST_PLNY'</arg>
<doc>Runs a query with the ``select_statement`` and returns the result as list of rows.
The type of row values depends on the database module -
usually they are tuples or tuple-like objects.</doc>
<status status="PASS" start="2026-05-26T08:41:24.736129" elapsed="0.003008"/>
</kw>
<kw name="Log To Console" owner="BuiltIn">
<arg>\n[DB SETUP] Připraven kurz: AUTO_TEST_PLNY (nalezeno ${count[0][0]}x)</arg>
<doc>Logs the given message to the console.</doc>
<status status="PASS" start="2026-05-26T08:41:24.739686" elapsed="0.000000"/>
</kw>
<kw name="Odpoji se od databáze" owner="databaze_klicova_slova">
<kw name="Disconnect From Database" owner="DatabaseLibrary">
<doc>Disconnects from the database.</doc>
<status status="PASS" start="2026-05-26T08:41:24.740692" elapsed="0.001000"/>
</kw>
<status status="PASS" start="2026-05-26T08:41:24.740692" elapsed="0.001000"/>
</kw>
<status status="PASS" start="2026-05-26T08:41:24.681563" elapsed="0.060129"/>
</kw>
<kw name="Když se přihlásím jako &quot;admin&quot;" owner="prihlaseni_klicova_slova" source_name="Když se přihlásím jako &quot;${role}&quot;">
<kw name="se přihlásím jako &quot;${role}&quot;" owner="prihlaseni_klicova_slova" source_name="se přihlásím jako &quot;${role}&quot;">
<kw name="Set Variable" owner="BuiltIn">
<msg time="2026-05-26T08:41:24.743724" level="INFO">${uzivatel} = {'jmeno': 'datprx', 'heslo': 'datprx_012026'}</msg>
<var>${uzivatel}</var>
<arg>${UZIVATELE['${role}']}</arg>
<doc>Returns the given values which can then be assigned to a variables.</doc>
<status status="PASS" start="2026-05-26T08:41:24.742689" elapsed="0.001035"/>
</kw>
<kw name="Fill Text" owner="Browser">
<msg time="2026-05-26T08:41:24.744761" level="INFO">Fills the text 'datprx' in the given field.</msg>
<arg>id=username</arg>
<arg>${uzivatel['jmeno']}</arg>
<tag>PageContent</tag>
<tag>Setter</tag>
<doc>Clears and fills the given ``txt`` into the text field found by ``selector``.</doc>
<status status="PASS" start="2026-05-26T08:41:24.743724" elapsed="0.035464"/>
</kw>
<kw name="Fill Text" owner="Browser">
<msg time="2026-05-26T08:41:24.780190" level="INFO">Fills the text 'datprx_012026' in the given field.</msg>
<arg>id=password</arg>
<arg>${uzivatel['heslo']}</arg>
<tag>PageContent</tag>
<tag>Setter</tag>
<doc>Clears and fills the given ``txt`` into the text field found by ``selector``.</doc>
<status status="PASS" start="2026-05-26T08:41:24.779188" elapsed="0.016754"/>
</kw>
<kw name="Click" owner="Browser">
<msg time="2026-05-26T08:41:24.796950" level="INFO">Clicks the element '[name="_eventId_proceed"]'.</msg>
<arg>[name="_eventId_proceed"]</arg>
<tag>PageContent</tag>
<tag>Setter</tag>
<doc>Simulates mouse click on the element found by ``selector``.</doc>
<status status="PASS" start="2026-05-26T08:41:24.796950" elapsed="0.454698"/>
</kw>
<status status="PASS" start="2026-05-26T08:41:24.742689" elapsed="0.508959"/>
</kw>
<status status="PASS" start="2026-05-26T08:41:24.742689" elapsed="0.508959"/>
</kw>
<kw name="A zároveň kliknu na položku v menu &quot;Dostupné formuláře&quot;" owner="spolecne" source_name="A zároveň kliknu na položku v menu &quot;${nazev_polozky}&quot;">
<kw name="Když kliknu na položku v menu &quot;${nazev_polozky}&quot;" owner="spolecne" source_name="Když kliknu na položku v menu &quot;${nazev_polozky}&quot;">
<kw name="Když kliknu na Menu" owner="spolecne">
<kw name="Get Element Count" owner="Browser">
<msg time="2026-05-26T08:41:25.291156" level="INFO">${is_collapsed} = 1</msg>
<var>${is_collapsed}</var>
<arg>css=body.t-PageBody--hideLeft</arg>
<tag>Assertion</tag>
<tag>Getter</tag>
<tag>PageContent</tag>
<doc>Returns the count of elements found with ``selector``.</doc>
<status status="PASS" start="2026-05-26T08:41:25.252648" elapsed="0.038508"/>
</kw>
<if>
<branch type="IF" condition="${is_collapsed} &gt; 0">
<kw name="Click" owner="Browser">
<msg time="2026-05-26T08:41:25.293156" level="INFO">Clicks the element 'id=t_Button_navControl'.</msg>
<arg>id=t_Button_navControl</arg>
<tag>PageContent</tag>
<tag>Setter</tag>
<doc>Simulates mouse click on the element found by ``selector``.</doc>
<status status="PASS" start="2026-05-26T08:41:25.292156" elapsed="0.151886"/>
</kw>
<status status="PASS" start="2026-05-26T08:41:25.292156" elapsed="0.151886"/>
</branch>
<status status="PASS" start="2026-05-26T08:41:25.292156" elapsed="0.151886"/>
</if>
<kw name="Wait For Elements State" owner="Browser">
<msg time="2026-05-26T08:41:25.454078" level="INFO">Waited for Element with selector id=t_TreeNav at state visible</msg>
<arg>id=t_TreeNav</arg>
<arg>visible</arg>
<arg>timeout=5s</arg>
<tag>PageContent</tag>
<tag>Wait</tag>
<doc>Waits for the element found by ``selector`` to satisfy state option.</doc>
<status status="PASS" start="2026-05-26T08:41:25.444042" elapsed="0.010036"/>
</kw>
<status status="PASS" start="2026-05-26T08:41:25.252648" elapsed="0.201430"/>
</kw>
<kw name="Set Variable" owner="BuiltIn">
<msg time="2026-05-26T08:41:25.455080" level="INFO">${selector} = xpath=//*[@id="t_TreeNav"]//*[contains(text(), "Dostupné formuláře")]</msg>
<var>${selector}</var>
<arg>xpath=//*[@id="t_TreeNav"]//*[contains(text(), "${nazev_polozky}")]</arg>
<doc>Returns the given values which can then be assigned to a variables.</doc>
<status status="PASS" start="2026-05-26T08:41:25.454078" elapsed="0.001002"/>
</kw>
<kw name="Wait For Elements State" owner="Browser">
<msg time="2026-05-26T08:41:25.460534" level="INFO">Waited for Element with selector xpath=//*[@id="t_TreeNav"]//*[contains(text(), "Dostupné formuláře")] at state visible</msg>
<arg>${selector}</arg>
<arg>visible</arg>
<arg>timeout=10s</arg>
<tag>PageContent</tag>
<tag>Wait</tag>
<doc>Waits for the element found by ``selector`` to satisfy state option.</doc>
<status status="PASS" start="2026-05-26T08:41:25.455080" elapsed="0.005454"/>
</kw>
<kw name="Click" owner="Browser">
<msg time="2026-05-26T08:41:25.461541" level="INFO">Clicks the element 'xpath=//*[@id="t_TreeNav"]//*[contains(text(), "Dostupné formuláře")]'.</msg>
<arg>${selector}</arg>
<tag>PageContent</tag>
<tag>Setter</tag>
<doc>Simulates mouse click on the element found by ``selector``.</doc>
<status status="PASS" start="2026-05-26T08:41:25.461541" elapsed="0.168987"/>
</kw>
<status status="PASS" start="2026-05-26T08:41:25.252648" elapsed="0.377880"/>
</kw>
<status status="PASS" start="2026-05-26T08:41:25.251648" elapsed="0.378880"/>
</kw>
<kw name="A zároveň kliknu na media list title" owner="spolecne">
<kw name="Klikni na media list title" owner="spolecne">
<kw name="Set Variable" owner="BuiltIn">
<msg time="2026-05-26T08:41:25.632527" level="INFO">${selector} = css=.t-MediaList-title:has-text("UTS - přihláška na kurz")</msg>
<var>${selector}</var>
<arg>css=.t-MediaList-title:has-text("${jmeno}")</arg>
<doc>Returns the given values which can then be assigned to a variables.</doc>
<status status="PASS" start="2026-05-26T08:41:25.631529" elapsed="0.000998"/>
</kw>
<kw name="Wait For Elements State" owner="Browser">
<msg time="2026-05-26T08:41:25.734644" level="INFO">Waited for Element with selector css=.t-MediaList-title:has-text("UTS - přihláška na kurz") at state visible</msg>
<arg>${selector}</arg>
<arg>visible</arg>
<tag>PageContent</tag>
<tag>Wait</tag>
<doc>Waits for the element found by ``selector`` to satisfy state option.</doc>
<status status="PASS" start="2026-05-26T08:41:25.632527" elapsed="0.102117"/>
</kw>
<kw name="Click" owner="Browser">
<msg time="2026-05-26T08:41:25.735646" level="INFO">Clicks the element 'css=.t-MediaList-title:has-text("UTS - přihláška na kurz")'.</msg>
<arg>${selector}</arg>
<tag>PageContent</tag>
<tag>Setter</tag>
<doc>Simulates mouse click on the element found by ``selector``.</doc>
<status status="PASS" start="2026-05-26T08:41:25.734644" elapsed="0.233991"/>
</kw>
<arg>${jmeno}</arg>
<status status="PASS" start="2026-05-26T08:41:25.631529" elapsed="0.337106"/>
</kw>
<arg>UTS - přihláška na kurz</arg>
<status status="PASS" start="2026-05-26T08:41:25.630528" elapsed="0.338107"/>
</kw>
<kw name="A zároveň Přihlásím se do kurzu" owner="formular_klicova_slova">
<kw name="Wait For Elements State" owner="Browser">
<msg time="2026-05-26T08:41:26.021674" level="INFO">Waited for Element with selector text="Chci se přihlásit na kurz" at state visible</msg>
<arg>text="Chci se přihlásit na kurz"</arg>
<arg>visible</arg>
<arg>timeout=5s</arg>
<tag>PageContent</tag>
<tag>Wait</tag>
<doc>Waits for the element found by ``selector`` to satisfy state option.</doc>
<status status="PASS" start="2026-05-26T08:41:25.969641" elapsed="0.053034"/>
</kw>
<kw name="Select Options By" owner="Browser">
<msg time="2026-05-26T08:41:26.022675" level="INFO">Selects the option(s) AUTO_TEST_PLNY by attribute SelectAttribute.label from element xpath=//select[preceding::label[contains(text(), "Chci se přihlásit na kurz")]].</msg>
<arg>xpath=//select[preceding::label[contains(text(), "Chci se přihlásit na kurz")]]</arg>
<arg>text</arg>
<arg>${kurz}</arg>
<tag>PageContent</tag>
<tag>Setter</tag>
<doc>Selects options from select element found by ``selector``.</doc>
<status status="PASS" start="2026-05-26T08:41:26.022675" elapsed="0.037176"/>
</kw>
<kw name="Click" owner="Browser">
<msg time="2026-05-26T08:41:26.059851" level="INFO">Clicks the element 'xpath=//div[contains(@class, "t-Form-fieldContainer") and .//label[contains(text(), "zveřejněním jména")]]//span[contains(@class, "a-Switch-toggle")]'.</msg>
<arg>xpath=//div[contains(@class, "t-Form-fieldContainer") and .//label[contains(text(), "zveřejněním jména")]]//span[contains(@class, "a-Switch-toggle")]</arg>
<tag>PageContent</tag>
<tag>Setter</tag>
<doc>Simulates mouse click on the element found by ``selector``.</doc>
<status status="PASS" start="2026-05-26T08:41:26.059851" elapsed="0.178188"/>
</kw>
<kw name="Click" owner="Browser">
<msg time="2026-05-26T08:41:26.239041" level="INFO">Clicks the element 'xpath=//div[contains(@class, "t-Form-fieldContainer") and .//label[contains(text(), "poučení o zpracování")]]//span[contains(@class, "a-Switch-toggle")]'.</msg>
<arg>xpath=//div[contains(@class, "t-Form-fieldContainer") and .//label[contains(text(), "poučení o zpracování")]]//span[contains(@class, "a-Switch-toggle")]</arg>
<tag>PageContent</tag>
<tag>Setter</tag>
<doc>Simulates mouse click on the element found by ``selector``.</doc>
<status status="PASS" start="2026-05-26T08:41:26.238039" elapsed="0.100936"/>
</kw>
<kw name="Click" owner="Browser">
<msg time="2026-05-26T08:41:26.340014" level="INFO">Clicks the element 'xpath=//div[contains(@class, "t-Form-fieldContainer") and .//label[contains(text(), "smluvní podmínky")]]//span[contains(@class, "a-Switch-toggle")]'.</msg>
<arg>xpath=//div[contains(@class, "t-Form-fieldContainer") and .//label[contains(text(), "smluvní podmínky")]]//span[contains(@class, "a-Switch-toggle")]</arg>
<tag>PageContent</tag>
<tag>Setter</tag>
<doc>Simulates mouse click on the element found by ``selector``.</doc>
<status status="PASS" start="2026-05-26T08:41:26.338975" elapsed="0.117874"/>
</kw>
<kw name="Click" owner="Browser">
<msg time="2026-05-26T08:41:26.457884" level="INFO">Clicks the element 'xpath=//label[contains(text(), "Jsem externí účastník")]'.</msg>
<arg>xpath=//label[contains(text(), "Jsem externí účastník")]</arg>
<tag>PageContent</tag>
<tag>Setter</tag>
<doc>Simulates mouse click on the element found by ``selector``.</doc>
<status status="PASS" start="2026-05-26T08:41:26.456849" elapsed="0.121854"/>
</kw>
<kw name="Click" owner="Browser">
<msg time="2026-05-26T08:41:26.579697" level="INFO">Clicks the element 'button:has-text("Přihlásit")'.</msg>
<arg>button:has-text("Přihlásit")</arg>
<tag>PageContent</tag>
<tag>Setter</tag>
<doc>Simulates mouse click on the element found by ``selector``.</doc>
<status status="PASS" start="2026-05-26T08:41:26.579697" elapsed="0.116171"/>
</kw>
<kw name="Wait For Elements State" owner="Browser">
<msg time="2026-05-26T08:41:26.870119" level="INFO">Waited for Element with selector .t-Alert--success at state visible</msg>
<arg>.t-Alert--success</arg>
<arg>visible</arg>
<arg>timeout=5s</arg>
<tag>PageContent</tag>
<tag>Wait</tag>
<doc>Waits for the element found by ``selector`` to satisfy state option.</doc>
<status status="PASS" start="2026-05-26T08:41:26.695868" elapsed="0.174251"/>
</kw>
<kw name="Get Text" owner="Browser">
<msg time="2026-05-26T08:41:26.908330" level="INFO">Text: 'Přihláška přijata'</msg>
<msg time="2026-05-26T08:41:26.908330" level="INFO">${msg} = Přihláška přijata</msg>
<var>${msg}</var>
<arg>.t-Alert-content</arg>
<tag>Assertion</tag>
<tag>Getter</tag>
<tag>PageContent</tag>
<doc>Returns text attribute of the element found by ``selector``.</doc>
<status status="PASS" start="2026-05-26T08:41:26.870119" elapsed="0.038211"/>
</kw>
<kw name="Log To Console" owner="BuiltIn">
<arg>\n[APEX] Zobrazená hláška: ${msg}</arg>
<doc>Logs the given message to the console.</doc>
<status status="PASS" start="2026-05-26T08:41:26.908330" elapsed="0.001030"/>
</kw>
<arg>AUTO_TEST_PLNY</arg>
<status status="PASS" start="2026-05-26T08:41:25.968635" elapsed="0.940725"/>
</kw>
<kw name="Odstraň testovací data" owner="databaze_klicova_slova" type="TEARDOWN">
<kw name="Připoj se k databázi" owner="databaze_klicova_slova">
<kw name="Connect To Database" owner="DatabaseLibrary">
<msg time="2026-05-26T08:41:26.910365" level="INFO">Looking for configuration file: 'resources\db.cfg'</msg>
<msg time="2026-05-26T08:41:26.910365" level="INFO">Configuration file doesn't exist</msg>
<msg time="2026-05-26T08:41:26.910365" level="INFO">Using thin Oracle client mode</msg>
<msg time="2026-05-26T08:41:26.911359" level="INFO">Connect to DB using : oracledb.connect(user=***, password=***, params=ConnectParams(user=None, proxy_user=None, host='147.228.51.30', port=6521, protocol='tcp', https_proxy=None, https_proxy_port=0, service_name='FREEPDB1', instance_name=None, sid=None, server_type=None, cclass=None, purity=&lt;Purity.DEFAULT: 0&gt;, expire_time=0, retry_count=0, retry_delay=1, tcp_connect_timeout=20.0, ssl_server_dn_match=True, ssl_server_cert_dn=None, wallet_location=None, events=False, externalauth=False, mode=&lt;AuthMode.DEFAULT: 0&gt;, disable_oob=False, stmtcachesize=20, edition=None, tag=None, matchanytag=False, config_dir=None, appcontext=None, shardingkey=None, supershardingkey=None, debug_jdwp=None, connection_id_prefix=None, ssl_context=None, sdu=8192, pool_boundary=None, use_tcp_fast_open=False, ssl_version=None, program='C:\\Program?Files\\Python311\\python.exe', machine='UI505BP05-LPS', terminal='unknown', osuser='iotkurz1', driver_name=None, use_sni=False, thick_mode_dsn_passthrough=True, extra_auth_params=None, pool_name=None, on_connect_callback=None))</msg>
<arg>db_module=oracledb</arg>
<arg>db_name=FREEPDB1</arg>
<arg>db_user=test_ws</arg>
<arg>db_password=test_ws</arg>
<arg>db_host=147.228.51.30</arg>
<arg>db_port=6521</arg>
<doc>Creates a database connection using the DB API 2.0 ``db_module`` and the parameters provided.
Along with listed commonly used arguments (`db_name`, `db_host` etc.)
you can set any other DB module specific parameters as key/value pairs.</doc>
<status status="PASS" start="2026-05-26T08:41:26.910365" elapsed="0.047103"/>
</kw>
<status status="PASS" start="2026-05-26T08:41:26.909360" elapsed="0.048108"/>
</kw>
<kw name="Execute Sql Script" owner="DatabaseLibrary">
<msg time="2026-05-26T08:41:26.958498" level="INFO">Splitting SQL into statements. Using external parser: False</msg>
<msg time="2026-05-26T08:41:26.959473" level="INFO" html="true">Executing sql:&lt;br&gt;&lt;code style="font-weight: bold;"&gt;DELETE FROM UTS_PRIHLASKY&lt;/code&gt;</msg>
<msg time="2026-05-26T08:41:26.964481" level="INFO" html="true">Executing sql:&lt;br&gt;&lt;code style="font-weight: bold;"&gt;DELETE FROM UTS_KURZY WHERE nazev LIKE 'AUTO_TEST_%'&lt;/code&gt;</msg>
<msg time="2026-05-26T08:41:26.965479" level="INFO" html="true">Executing sql:&lt;br&gt;&lt;code style="font-weight: bold;"&gt;COMMIT&lt;/code&gt;</msg>
<msg time="2026-05-26T08:41:26.966480" level="INFO">Commit the transaction</msg>
<arg>D:\\USERS\\iotkurz1\\Downloads\\slozka\\apex_app\\apex-test-flow\\resources/../db/teardown/uklid_testovacich_dat.sql</arg>
<doc>Executes the content of the SQL script file loaded from `script_path` as SQL commands.</doc>
<status status="PASS" start="2026-05-26T08:41:26.958498" elapsed="0.008984"/>
</kw>
<kw name="Odpoji se od databáze" owner="databaze_klicova_slova">
<kw name="Disconnect From Database" owner="DatabaseLibrary">
<doc>Disconnects from the database.</doc>
<status status="PASS" start="2026-05-26T08:41:26.967482" elapsed="0.002001"/>
</kw>
<status status="PASS" start="2026-05-26T08:41:26.967482" elapsed="0.002001"/>
</kw>
<status status="PASS" start="2026-05-26T08:41:26.909360" elapsed="0.060123"/>
</kw>
<msg time="2026-05-26T08:41:26.992361" level="INFO">Switching context to context=29081437-122f-48d1-b93b-56c5397dbcb1 in CURRENT</msg>
<msg time="2026-05-26T08:41:26.996359" level="INFO">Successfully changed active context: context=29081437-122f-48d1-b93b-56c5397dbcb1</msg>
<msg time="2026-05-26T08:41:27.016525" level="INFO">Successfully closed Context</msg>
<status status="PASS" start="2026-05-26T08:41:24.161320" elapsed="2.808163"/>
</test>
<status status="PASS" start="2026-05-26T08:41:14.916193" elapsed="12.102334"/>
</suite>
<statistics>
<total>
<stat pass="3" fail="0" skip="0">All Tests</stat>
</total>
<tag>
</tag>
<suite>
<stat name="Formulare Prihlasky" id="s1" pass="3" fail="0" skip="0">Formulare Prihlasky</stat>
</suite>
</statistics>
<errors>
</errors>
</robot>
